[2026-01-07 11:56:06] This is codeql database analyze D:\PracticeInCodeQL\CodeQL\databases\libpng-c find_functions.ql --format=csv --output=results.csv
[2026-01-07 11:56:06] Log file was started late.
[2026-01-07 11:56:06] [PROGRESS] database analyze> Running queries.
[2026-01-07 11:56:06] Running plumbing command: codeql database run-queries --evaluator-log-level=5 --warnings=show --qlconfig-file=D:\PracticeInCodeQL\my-queries\qlconfig.yml --dynamic-join-order-mode=none --no-rerun -- D:\PracticeInCodeQL\CodeQL\databases\libpng-c find_functions.ql
[2026-01-07 11:56:06] Calling plumbing command: codeql resolve ram --dataset=D:\PracticeInCodeQL\CodeQL\databases\libpng-c\db-cpp --format=json
[2026-01-07 11:56:06] [PROGRESS] resolve ram> Stringpool size measured as 11567546
[2026-01-07 11:56:06] Plumbing command codeql resolve ram completed:
                      [
                        "-J-Xmx1292M"
                      ]
[2026-01-07 11:56:06] Spawning plumbing command: execute queries -J-Xmx1292M --verbosity=progress --logdir=D:\PracticeInCodeQL\CodeQL\databases\libpng-c\log --evaluator-log-level=5 --warnings=show --qlconfig-file=D:\PracticeInCodeQL\my-queries\qlconfig.yml --dynamic-join-order-mode=none --no-rerun --output=D:\PracticeInCodeQL\CodeQL\databases\libpng-c\results -- D:\PracticeInCodeQL\CodeQL\databases\libpng-c\db-cpp find_functions.ql
[2026-01-07 11:56:09] Plumbing command codeql execute queries terminated with status 0.
[2026-01-07 11:56:09] Plumbing command codeql database run-queries completed with status 0.
[2026-01-07 11:56:09] [PROGRESS] database analyze> Interpreting results.
[2026-01-07 11:56:09] Running plumbing command: codeql database interpret-results --format=csv -o=D:\PracticeInCodeQL\my-queries\results.csv --max-paths=4 --csv-location-format=line-column --print-diagnostics-summary --print-metrics-summary --qlconfig-file=D:\PracticeInCodeQL\my-queries\qlconfig.yml -- D:\PracticeInCodeQL\CodeQL\databases\libpng-c find_functions.ql
[2026-01-07 11:56:09] Calling plumbing command: codeql resolve queries --qlconfig-file=D:\PracticeInCodeQL\my-queries\qlconfig.yml --format=json -- find_functions.ql
[2026-01-07 11:56:09] [PROGRESS] resolve queries> Recording pack reference my-custom-queries at D:\PracticeInCodeQL\my-queries.
[2026-01-07 11:56:09] Plumbing command codeql resolve queries completed:
                      [
                        "D:\\PracticeInCodeQL\\my-queries\\find_functions.ql"
                      ]
[2026-01-07 11:56:09] [PROGRESS] database interpret-results> Resolving extensions
[2026-01-07 11:56:09] Calling plumbing command: codeql resolve extensions --qlconfig-file=D:\PracticeInCodeQL\my-queries\qlconfig.yml find_functions.ql
[2026-01-07 11:56:09] Calling plumbing command: codeql resolve queries --qlconfig-file=D:\PracticeInCodeQL\my-queries\qlconfig.yml --allow-library-packs --format startingpacks -- find_functions.ql
[2026-01-07 11:56:09] [PROGRESS] resolve queries> Recording pack reference my-custom-queries at D:\PracticeInCodeQL\my-queries.
[2026-01-07 11:56:09] Plumbing command codeql resolve queries completed:
                      [
                        "D:\\PracticeInCodeQL\\my-queries"
                      ]
[2026-01-07 11:56:09] Calling plumbing command: codeql resolve extensions-by-pack --qlconfig-file=D:\PracticeInCodeQL\my-queries\qlconfig.yml -- D:\PracticeInCodeQL\my-queries
[2026-01-07 11:56:09] [SPAMMY] resolve extensions-by-pack> [INCOMPATIBILITY] my-custom-queries: not 1.0.0 {root: my-custom-queries@1.0.0}
[2026-01-07 11:56:09] [SPAMMY] resolve extensions-by-pack> [DERIVATION] my-custom-queries: 1.0.0 {my-custom-queries: not 1.0.0 {root: my-custom-queries@1.0.0}}
[2026-01-07 11:56:09] [SPAMMY] resolve extensions-by-pack> [INCOMPATIBILITY] my-custom-queries: * [*], codeql/cpp-all: not * [*] {dependency: my-custom-queries@* [*] requires codeql/cpp-all@*}
[2026-01-07 11:56:09] [SPAMMY] resolve extensions-by-pack> [DECISION 1] my-custom-queries: 1.0.0
[2026-01-07 11:56:09] [SPAMMY] resolve extensions-by-pack> [DERIVATION] codeql/cpp-all: * [*] {my-custom-queries: * [*], codeql/cpp-all: not * [*] {dependency: my-custom-queries@* [*] requires codeql/cpp-all@*}}
[2026-01-07 11:56:09] [SPAMMY] resolve extensions-by-pack> [INCOMPATIBILITY] codeql/cpp-all: * [*], codeql/dataflow: not * [*] {dependency: codeql/cpp-all@* [*] requires codeql/dataflow@2.0.22}
[2026-01-07 11:56:09] [SPAMMY] resolve extensions-by-pack> [INCOMPATIBILITY] codeql/cpp-all: * [*], codeql/mad: not * [*] {dependency: codeql/cpp-all@* [*] requires codeql/mad@1.0.38}
[2026-01-07 11:56:09] [SPAMMY] resolve extensions-by-pack> [INCOMPATIBILITY] codeql/cpp-all: * [*], codeql/quantum: not * [*] {dependency: codeql/cpp-all@* [*] requires codeql/quantum@0.0.16}
[2026-01-07 11:56:09] [SPAMMY] resolve extensions-by-pack> [INCOMPATIBILITY] codeql/cpp-all: * [*], codeql/rangeanalysis: not * [*] {dependency: codeql/cpp-all@* [*] requires codeql/rangeanalysis@1.0.38}
[2026-01-07 11:56:09] [SPAMMY] resolve extensions-by-pack> [INCOMPATIBILITY] codeql/cpp-all: * [*], codeql/ssa: not * [*] {dependency: codeql/cpp-all@* [*] requires codeql/ssa@2.0.14}
[2026-01-07 11:56:09] [SPAMMY] resolve extensions-by-pack> [INCOMPATIBILITY] codeql/cpp-all: * [*], codeql/tutorial: not * [*] {dependency: codeql/cpp-all@* [*] requires codeql/tutorial@1.0.38}
[2026-01-07 11:56:09] [SPAMMY] resolve extensions-by-pack> [INCOMPATIBILITY] codeql/cpp-all: * [*], codeql/typeflow: not * [*] {dependency: codeql/cpp-all@* [*] requires codeql/typeflow@1.0.38}
[2026-01-07 11:56:09] [SPAMMY] resolve extensions-by-pack> [INCOMPATIBILITY] codeql/cpp-all: * [*], codeql/util: not * [*] {dependency: codeql/cpp-all@* [*] requires codeql/util@2.0.25}
[2026-01-07 11:56:09] [SPAMMY] resolve extensions-by-pack> [INCOMPATIBILITY] codeql/cpp-all: * [*], codeql/xml: not * [*] {dependency: codeql/cpp-all@* [*] requires codeql/xml@1.0.38}
[2026-01-07 11:56:09] [SPAMMY] resolve extensions-by-pack> [DECISION 2] codeql/cpp-all: 6.1.3
[2026-01-07 11:56:09] [SPAMMY] resolve extensions-by-pack> [DERIVATION] codeql/xml: * [*] {codeql/cpp-all: * [*], codeql/xml: not * [*] {dependency: codeql/cpp-all@* [*] requires codeql/xml@1.0.38}}
[2026-01-07 11:56:09] [SPAMMY] resolve extensions-by-pack> [DERIVATION] codeql/util: * [*] {codeql/cpp-all: * [*], codeql/util: not * [*] {dependency: codeql/cpp-all@* [*] requires codeql/util@2.0.25}}
[2026-01-07 11:56:09] [SPAMMY] resolve extensions-by-pack> [DERIVATION] codeql/typeflow: * [*] {codeql/cpp-all: * [*], codeql/typeflow: not * [*] {dependency: codeql/cpp-all@* [*] requires codeql/typeflow@1.0.38}}
[2026-01-07 11:56:09] [SPAMMY] resolve extensions-by-pack> [DERIVATION] codeql/tutorial: * [*] {codeql/cpp-all: * [*], codeql/tutorial: not * [*] {dependency: codeql/cpp-all@* [*] requires codeql/tutorial@1.0.38}}
[2026-01-07 11:56:09] [SPAMMY] resolve extensions-by-pack> [DERIVATION] codeql/ssa: * [*] {codeql/cpp-all: * [*], codeql/ssa: not * [*] {dependency: codeql/cpp-all@* [*] requires codeql/ssa@2.0.14}}
[2026-01-07 11:56:09] [SPAMMY] resolve extensions-by-pack> [DERIVATION] codeql/rangeanalysis: * [*] {codeql/cpp-all: * [*], codeql/rangeanalysis: not * [*] {dependency: codeql/cpp-all@* [*] requires codeql/rangeanalysis@1.0.38}}
[2026-01-07 11:56:09] [SPAMMY] resolve extensions-by-pack> [DERIVATION] codeql/quantum: * [*] {codeql/cpp-all: * [*], codeql/quantum: not * [*] {dependency: codeql/cpp-all@* [*] requires codeql/quantum@0.0.16}}
[2026-01-07 11:56:09] [SPAMMY] resolve extensions-by-pack> [DERIVATION] codeql/mad: * [*] {codeql/cpp-all: * [*], codeql/mad: not * [*] {dependency: codeql/cpp-all@* [*] requires codeql/mad@1.0.38}}
[2026-01-07 11:56:09] [SPAMMY] resolve extensions-by-pack> [DERIVATION] codeql/dataflow: * [*] {codeql/cpp-all: * [*], codeql/dataflow: not * [*] {dependency: codeql/cpp-all@* [*] requires codeql/dataflow@2.0.22}}
[2026-01-07 11:56:09] [SPAMMY] resolve extensions-by-pack> [INCOMPATIBILITY] codeql/dataflow: * [*], codeql/controlflow: not * [*] {dependency: codeql/dataflow@* [*] requires codeql/controlflow@2.0.22}
[2026-01-07 11:56:09] [SPAMMY] resolve extensions-by-pack> [INCOMPATIBILITY] codeql/dataflow: * [*], codeql/ssa: not * [*] {dependency: codeql/dataflow@* [*] requires codeql/ssa@2.0.14}
[2026-01-07 11:56:09] [SPAMMY] resolve extensions-by-pack> [INCOMPATIBILITY] codeql/dataflow: * [*], codeql/typetracking: not * [*] {dependency: codeql/dataflow@* [*] requires codeql/typetracking@2.0.22}
[2026-01-07 11:56:09] [SPAMMY] resolve extensions-by-pack> [INCOMPATIBILITY] codeql/dataflow: * [*], codeql/util: not * [*] {dependency: codeql/dataflow@* [*] requires codeql/util@2.0.25}
[2026-01-07 11:56:09] [SPAMMY] resolve extensions-by-pack> [DECISION 3] codeql/dataflow: 2.0.22
[2026-01-07 11:56:09] [SPAMMY] resolve extensions-by-pack> [DERIVATION] codeql/typetracking: * [*] {codeql/dataflow: * [*], codeql/typetracking: not * [*] {dependency: codeql/dataflow@* [*] requires codeql/typetracking@2.0.22}}
[2026-01-07 11:56:09] [SPAMMY] resolve extensions-by-pack> [DERIVATION] codeql/controlflow: * [*] {codeql/dataflow: * [*], codeql/controlflow: not * [*] {dependency: codeql/dataflow@* [*] requires codeql/controlflow@2.0.22}}
[2026-01-07 11:56:09] [SPAMMY] resolve extensions-by-pack> [INCOMPATIBILITY] codeql/controlflow: * [*], codeql/util: not * [*] {dependency: codeql/controlflow@* [*] requires codeql/util@2.0.25}
[2026-01-07 11:56:09] [SPAMMY] resolve extensions-by-pack> [DECISION 4] codeql/controlflow: 2.0.22
[2026-01-07 11:56:09] [SPAMMY] resolve extensions-by-pack> [INCOMPATIBILITY] codeql/mad: * [*], codeql/dataflow: not * [*] {dependency: codeql/mad@* [*] requires codeql/dataflow@2.0.22}
[2026-01-07 11:56:09] [SPAMMY] resolve extensions-by-pack> [INCOMPATIBILITY] codeql/mad: * [*], codeql/util: not * [*] {dependency: codeql/mad@* [*] requires codeql/util@2.0.25}
[2026-01-07 11:56:09] [SPAMMY] resolve extensions-by-pack> [DECISION 5] codeql/mad: 1.0.38
[2026-01-07 11:56:09] [SPAMMY] resolve extensions-by-pack> [INCOMPATIBILITY] codeql/quantum: * [*], codeql/util: not * [*] {dependency: codeql/quantum@* [*] requires codeql/util@2.0.25}
[2026-01-07 11:56:09] [SPAMMY] resolve extensions-by-pack> [DECISION 6] codeql/quantum: 0.0.16
[2026-01-07 11:56:09] [SPAMMY] resolve extensions-by-pack> [INCOMPATIBILITY] codeql/rangeanalysis: * [*], codeql/util: not * [*] {dependency: codeql/rangeanalysis@* [*] requires codeql/util@2.0.25}
[2026-01-07 11:56:09] [SPAMMY] resolve extensions-by-pack> [DECISION 7] codeql/rangeanalysis: 1.0.38
[2026-01-07 11:56:09] [SPAMMY] resolve extensions-by-pack> [INCOMPATIBILITY] codeql/ssa: * [*], codeql/controlflow: not * [*] {dependency: codeql/ssa@* [*] requires codeql/controlflow@2.0.22}
[2026-01-07 11:56:09] [SPAMMY] resolve extensions-by-pack> [INCOMPATIBILITY] codeql/ssa: * [*], codeql/util: not * [*] {dependency: codeql/ssa@* [*] requires codeql/util@2.0.25}
[2026-01-07 11:56:09] [SPAMMY] resolve extensions-by-pack> [DECISION 8] codeql/ssa: 2.0.14
[2026-01-07 11:56:09] [SPAMMY] resolve extensions-by-pack> [DECISION 9] codeql/tutorial: 1.0.38
[2026-01-07 11:56:09] [SPAMMY] resolve extensions-by-pack> [INCOMPATIBILITY] codeql/typeflow: * [*], codeql/util: not * [*] {dependency: codeql/typeflow@* [*] requires codeql/util@2.0.25}
[2026-01-07 11:56:09] [SPAMMY] resolve extensions-by-pack> [DECISION 10] codeql/typeflow: 1.0.38
[2026-01-07 11:56:09] [SPAMMY] resolve extensions-by-pack> [INCOMPATIBILITY] codeql/typetracking: * [*], codeql/util: not * [*] {dependency: codeql/typetracking@* [*] requires codeql/util@2.0.25}
[2026-01-07 11:56:09] [SPAMMY] resolve extensions-by-pack> [DECISION 11] codeql/typetracking: 2.0.22
[2026-01-07 11:56:09] [SPAMMY] resolve extensions-by-pack> [DECISION 12] codeql/util: 2.0.25
[2026-01-07 11:56:09] [SPAMMY] resolve extensions-by-pack> [INCOMPATIBILITY] codeql/xml: * [*], codeql/util: not * [*] {dependency: codeql/xml@* [*] requires codeql/util@2.0.25}
[2026-01-07 11:56:09] [SPAMMY] resolve extensions-by-pack> [DECISION 13] codeql/xml: 1.0.38
[2026-01-07 11:56:09] [PROGRESS] resolve extensions-by-pack> Loading data extensions in C:\Users\Admin\.codeql\packages\codeql\cpp-all\6.1.3\ext\Boost.Asio.model.yml.
[2026-01-07 11:56:09] [DETAILS] resolve extensions-by-pack>   Found extension targeting codeql/cpp-all:sourceModel: 6 tuples.
[2026-01-07 11:56:09] [DETAILS] resolve extensions-by-pack>   Found extension targeting codeql/cpp-all:sinkModel: 4 tuples.
[2026-01-07 11:56:09] [DETAILS] resolve extensions-by-pack>   Found extension targeting codeql/cpp-all:summaryModel: 1 tuples.
[2026-01-07 11:56:09] [PROGRESS] resolve extensions-by-pack> Loading data extensions in C:\Users\Admin\.codeql\packages\codeql\cpp-all\6.1.3\ext\CA2CAEX.model.yml.
[2026-01-07 11:56:09] [DETAILS] resolve extensions-by-pack>   Found extension targeting codeql/cpp-all:summaryModel: 13 tuples.
[2026-01-07 11:56:09] [PROGRESS] resolve extensions-by-pack> Loading data extensions in C:\Users\Admin\.codeql\packages\codeql\cpp-all\6.1.3\ext\CAtlArray.model.yml.
[2026-01-07 11:56:09] [DETAILS] resolve extensions-by-pack>   Found extension targeting codeql/cpp-all:summaryModel: 10 tuples.
[2026-01-07 11:56:09] [PROGRESS] resolve extensions-by-pack> Loading data extensions in C:\Users\Admin\.codeql\packages\codeql\cpp-all\6.1.3\ext\CAtlFile.model.yml.
[2026-01-07 11:56:09] [DETAILS] resolve extensions-by-pack>   Found extension targeting codeql/cpp-all:summaryModel: 4 tuples.
[2026-01-07 11:56:09] [PROGRESS] resolve extensions-by-pack> Loading data extensions in C:\Users\Admin\.codeql\packages\codeql\cpp-all\6.1.3\ext\CAtlFileMappingBase.model.yml.
[2026-01-07 11:56:09] [DETAILS] resolve extensions-by-pack>   Found extension targeting codeql/cpp-all:summaryModel: 9 tuples.
[2026-01-07 11:56:09] [PROGRESS] resolve extensions-by-pack> Loading data extensions in C:\Users\Admin\.codeql\packages\codeql\cpp-all\6.1.3\ext\CAtlList.model.yml.
[2026-01-07 11:56:09] [DETAILS] resolve extensions-by-pack>   Found extension targeting codeql/cpp-all:summaryModel: 10 tuples.
[2026-01-07 11:56:09] [PROGRESS] resolve extensions-by-pack> Loading data extensions in C:\Users\Admin\.codeql\packages\codeql\cpp-all\6.1.3\ext\CAtlTemporaryFile.model.yml.
[2026-01-07 11:56:09] [DETAILS] resolve extensions-by-pack>   Found extension targeting codeql/cpp-all:summaryModel: 3 tuples.
[2026-01-07 11:56:09] [PROGRESS] resolve extensions-by-pack> Loading data extensions in C:\Users\Admin\.codeql\packages\codeql\cpp-all\6.1.3\ext\CComBSTR.model.yml.
[2026-01-07 11:56:09] [DETAILS] resolve extensions-by-pack>   Found extension targeting codeql/cpp-all:summaryModel: 28 tuples.
[2026-01-07 11:56:09] [PROGRESS] resolve extensions-by-pack> Loading data extensions in C:\Users\Admin\.codeql\packages\codeql\cpp-all\6.1.3\ext\CComSafeArray.model.yml.
[2026-01-07 11:56:09] [DETAILS] resolve extensions-by-pack>   Found extension targeting codeql/cpp-all:summaryModel: 21 tuples.
[2026-01-07 11:56:09] [PROGRESS] resolve extensions-by-pack> Loading data extensions in C:\Users\Admin\.codeql\packages\codeql\cpp-all\6.1.3\ext\CPathT.model.yml.
[2026-01-07 11:56:09] [DETAILS] resolve extensions-by-pack>   Found extension targeting codeql/cpp-all:summaryModel: 15 tuples.
[2026-01-07 11:56:09] [PROGRESS] resolve extensions-by-pack> Loading data extensions in C:\Users\Admin\.codeql\packages\codeql\cpp-all\6.1.3\ext\CRegKey.model.yml.
[2026-01-07 11:56:09] [DETAILS] resolve extensions-by-pack>   Found extension targeting codeql/cpp-all:summaryModel: 15 tuples.
[2026-01-07 11:56:09] [PROGRESS] resolve extensions-by-pack> Loading data extensions in C:\Users\Admin\.codeql\packages\codeql\cpp-all\6.1.3\ext\CSimpleArray.model.yml.
[2026-01-07 11:56:09] [DETAILS] resolve extensions-by-pack>   Found extension targeting codeql/cpp-all:summaryModel: 7 tuples.
[2026-01-07 11:56:09] [PROGRESS] resolve extensions-by-pack> Loading data extensions in C:\Users\Admin\.codeql\packages\codeql\cpp-all\6.1.3\ext\CSimpleMap.model.yml.
[2026-01-07 11:56:09] [DETAILS] resolve extensions-by-pack>   Found extension targeting codeql/cpp-all:summaryModel: 8 tuples.
[2026-01-07 11:56:09] [PROGRESS] resolve extensions-by-pack> Loading data extensions in C:\Users\Admin\.codeql\packages\codeql\cpp-all\6.1.3\ext\CSimpleStringT.model.yml.
[2026-01-07 11:56:09] [DETAILS] resolve extensions-by-pack>   Found extension targeting codeql/cpp-all:summaryModel: 37 tuples.
[2026-01-07 11:56:09] [PROGRESS] resolve extensions-by-pack> Loading data extensions in C:\Users\Admin\.codeql\packages\codeql\cpp-all\6.1.3\ext\CStrBufT.model.yml.
[2026-01-07 11:56:09] [DETAILS] resolve extensions-by-pack>   Found extension targeting codeql/cpp-all:summaryModel: 3 tuples.
[2026-01-07 11:56:09] [PROGRESS] resolve extensions-by-pack> Loading data extensions in C:\Users\Admin\.codeql\packages\codeql\cpp-all\6.1.3\ext\CStringData.model.yml.
[2026-01-07 11:56:09] [DETAILS] resolve extensions-by-pack>   Found extension targeting codeql/cpp-all:summaryModel: 1 tuples.
[2026-01-07 11:56:09] [PROGRESS] resolve extensions-by-pack> Loading data extensions in C:\Users\Admin\.codeql\packages\codeql\cpp-all\6.1.3\ext\CStringT.model.yml.
[2026-01-07 11:56:09] [DETAILS] resolve extensions-by-pack>   Found extension targeting codeql/cpp-all:summaryModel: 113 tuples.
[2026-01-07 11:56:09] [PROGRESS] resolve extensions-by-pack> Loading data extensions in C:\Users\Admin\.codeql\packages\codeql\cpp-all\6.1.3\ext\CUrl.model.yml.
[2026-01-07 11:56:09] [DETAILS] resolve extensions-by-pack>   Found extension targeting codeql/cpp-all:summaryModel: 17 tuples.
[2026-01-07 11:56:09] [PROGRESS] resolve extensions-by-pack> Loading data extensions in C:\Users\Admin\.codeql\packages\codeql\cpp-all\6.1.3\ext\ComPtr.model.yml.
[2026-01-07 11:56:09] [DETAILS] resolve extensions-by-pack>   Found extension targeting codeql/cpp-all:summaryModel: 26 tuples.
[2026-01-07 11:56:09] [PROGRESS] resolve extensions-by-pack> Loading data extensions in C:\Users\Admin\.codeql\packages\codeql\cpp-all\6.1.3\ext\ComPtrRef.model.yml.
[2026-01-07 11:56:09] [DETAILS] resolve extensions-by-pack>   Found extension targeting codeql/cpp-all:summaryModel: 5 tuples.
[2026-01-07 11:56:09] [PROGRESS] resolve extensions-by-pack> Loading data extensions in C:\Users\Admin\.codeql\packages\codeql\cpp-all\6.1.3\ext\Oracle.oci.model.yml.
[2026-01-07 11:56:09] [DETAILS] resolve extensions-by-pack>   Found extension targeting codeql/cpp-all:sinkModel: 2 tuples.
[2026-01-07 11:56:09] [PROGRESS] resolve extensions-by-pack> Loading data extensions in C:\Users\Admin\.codeql\packages\codeql\cpp-all\6.1.3\ext\Windows.model.yml.
[2026-01-07 11:56:09] [DETAILS] resolve extensions-by-pack>   Found extension targeting codeql/cpp-all:sourceModel: 16 tuples.
[2026-01-07 11:56:09] [DETAILS] resolve extensions-by-pack>   Found extension targeting codeql/cpp-all:summaryModel: 14 tuples.
[2026-01-07 11:56:09] [PROGRESS] resolve extensions-by-pack> Loading data extensions in C:\Users\Admin\.codeql\packages\codeql\cpp-all\6.1.3\ext\allocation\Bsd.allocation.model.yml.
[2026-01-07 11:56:09] [DETAILS] resolve extensions-by-pack>   Found extension targeting codeql/cpp-all:allocationFunctionModel: 2 tuples.
[2026-01-07 11:56:09] [PROGRESS] resolve extensions-by-pack> Loading data extensions in C:\Users\Admin\.codeql\packages\codeql\cpp-all\6.1.3\ext\allocation\Glibc.allocation.model.yml.
[2026-01-07 11:56:09] [DETAILS] resolve extensions-by-pack>   Found extension targeting codeql/cpp-all:allocationFunctionModel: 2 tuples.
[2026-01-07 11:56:09] [PROGRESS] resolve extensions-by-pack> Loading data extensions in C:\Users\Admin\.codeql\packages\codeql\cpp-all\6.1.3\ext\allocation\OpenSSL.allocation.model.yml.
[2026-01-07 11:56:09] [DETAILS] resolve extensions-by-pack>   Found extension targeting codeql/cpp-all:allocationFunctionModel: 4 tuples.
[2026-01-07 11:56:09] [PROGRESS] resolve extensions-by-pack> Loading data extensions in C:\Users\Admin\.codeql\packages\codeql\cpp-all\6.1.3\ext\allocation\Std.allocation.model.yml.
[2026-01-07 11:56:09] [DETAILS] resolve extensions-by-pack>   Found extension targeting codeql/cpp-all:allocationFunctionModel: 10 tuples.
[2026-01-07 11:56:09] [PROGRESS] resolve extensions-by-pack> Loading data extensions in C:\Users\Admin\.codeql\packages\codeql\cpp-all\6.1.3\ext\allocation\Windows.allocation.model.yml.
[2026-01-07 11:56:09] [DETAILS] resolve extensions-by-pack>   Found extension targeting codeql/cpp-all:allocationFunctionModel: 24 tuples.
[2026-01-07 11:56:09] [PROGRESS] resolve extensions-by-pack> Loading data extensions in C:\Users\Admin\.codeql\packages\codeql\cpp-all\6.1.3\ext\allocation\empty.allocation.model.yml.
[2026-01-07 11:56:09] [DETAILS] resolve extensions-by-pack>   Found extension targeting codeql/cpp-all:allocationFunctionModel: 0 tuples.
[2026-01-07 11:56:09] [PROGRESS] resolve extensions-by-pack> Loading data extensions in C:\Users\Admin\.codeql\packages\codeql\cpp-all\6.1.3\ext\bsl.array.model.yml.
[2026-01-07 11:56:09] [DETAILS] resolve extensions-by-pack>   Found extension targeting codeql/cpp-all:summaryModel: 9 tuples.
[2026-01-07 11:56:09] [PROGRESS] resolve extensions-by-pack> Loading data extensions in C:\Users\Admin\.codeql\packages\codeql\cpp-all\6.1.3\ext\bsl.deque.model.yml.
[2026-01-07 11:56:09] [DETAILS] resolve extensions-by-pack>   Found extension targeting codeql/cpp-all:summaryModel: 69 tuples.
[2026-01-07 11:56:09] [PROGRESS] resolve extensions-by-pack> Loading data extensions in C:\Users\Admin\.codeql\packages\codeql\cpp-all\6.1.3\ext\bsl.forward_list.model.yml.
[2026-01-07 11:56:09] [DETAILS] resolve extensions-by-pack>   Found extension targeting codeql/cpp-all:summaryModel: 52 tuples.
[2026-01-07 11:56:09] [PROGRESS] resolve extensions-by-pack> Loading data extensions in C:\Users\Admin\.codeql\packages\codeql\cpp-all\6.1.3\ext\bsl.list.model.yml.
[2026-01-07 11:56:09] [DETAILS] resolve extensions-by-pack>   Found extension targeting codeql/cpp-all:summaryModel: 67 tuples.
[2026-01-07 11:56:09] [PROGRESS] resolve extensions-by-pack> Loading data extensions in C:\Users\Admin\.codeql\packages\codeql\cpp-all\6.1.3\ext\bsl.vector.model.yml.
[2026-01-07 11:56:09] [DETAILS] resolve extensions-by-pack>   Found extension targeting codeql/cpp-all:summaryModel: 56 tuples.
[2026-01-07 11:56:09] [PROGRESS] resolve extensions-by-pack> Loading data extensions in C:\Users\Admin\.codeql\packages\codeql\cpp-all\6.1.3\ext\cctype.model.yml.
[2026-01-07 11:56:09] [DETAILS] resolve extensions-by-pack>   Found extension targeting codeql/cpp-all:summaryModel: 4 tuples.
[2026-01-07 11:56:09] [PROGRESS] resolve extensions-by-pack> Loading data extensions in C:\Users\Admin\.codeql\packages\codeql\cpp-all\6.1.3\ext\deallocation\Bsd.deallocation.model.yml.
[2026-01-07 11:56:09] [DETAILS] resolve extensions-by-pack>   Found extension targeting codeql/cpp-all:deallocationFunctionModel: 3 tuples.
[2026-01-07 11:56:09] [PROGRESS] resolve extensions-by-pack> Loading data extensions in C:\Users\Admin\.codeql\packages\codeql\cpp-all\6.1.3\ext\deallocation\Std.deallocation.model.yml.
[2026-01-07 11:56:09] [DETAILS] resolve extensions-by-pack>   Found extension targeting codeql/cpp-all:deallocationFunctionModel: 37 tuples.
[2026-01-07 11:56:09] [PROGRESS] resolve extensions-by-pack> Loading data extensions in C:\Users\Admin\.codeql\packages\codeql\cpp-all\6.1.3\ext\deallocation\Windows.deallocation.model.yml.
[2026-01-07 11:56:09] [DETAILS] resolve extensions-by-pack>   Found extension targeting codeql/cpp-all:deallocationFunctionModel: 36 tuples.
[2026-01-07 11:56:09] [PROGRESS] resolve extensions-by-pack> Loading data extensions in C:\Users\Admin\.codeql\packages\codeql\cpp-all\6.1.3\ext\deallocation\empty.deallocation.model.yml.
[2026-01-07 11:56:09] [DETAILS] resolve extensions-by-pack>   Found extension targeting codeql/cpp-all:deallocationFunctionModel: 0 tuples.
[2026-01-07 11:56:09] [PROGRESS] resolve extensions-by-pack> Loading data extensions in C:\Users\Admin\.codeql\packages\codeql\cpp-all\6.1.3\ext\empty.model.yml.
[2026-01-07 11:56:09] [DETAILS] resolve extensions-by-pack>   Found extension targeting codeql/cpp-all:sourceModel: 0 tuples.
[2026-01-07 11:56:09] [DETAILS] resolve extensions-by-pack>   Found extension targeting codeql/cpp-all:sinkModel: 0 tuples.
[2026-01-07 11:56:09] [DETAILS] resolve extensions-by-pack>   Found extension targeting codeql/cpp-all:summaryModel: 0 tuples.
[2026-01-07 11:56:09] [PROGRESS] resolve extensions-by-pack> Loading data extensions in C:\Users\Admin\.codeql\packages\codeql\cpp-all\6.1.3\ext\generated\brotli\brotli.model.yml.
[2026-01-07 11:56:09] [DETAILS] resolve extensions-by-pack>   Found extension targeting codeql/cpp-all:summaryModel: 474 tuples.
[2026-01-07 11:56:09] [PROGRESS] resolve extensions-by-pack> Loading data extensions in C:\Users\Admin\.codeql\packages\codeql\cpp-all\6.1.3\ext\generated\curl\curl.model.yml.
[2026-01-07 11:56:09] [DETAILS] resolve extensions-by-pack>   Found extension targeting codeql/cpp-all:summaryModel: 953 tuples.
[2026-01-07 11:56:10] [PROGRESS] resolve extensions-by-pack> Loading data extensions in C:\Users\Admin\.codeql\packages\codeql\cpp-all\6.1.3\ext\generated\empty.model.yml.
[2026-01-07 11:56:10] [DETAILS] resolve extensions-by-pack>   Found extension targeting codeql/cpp-all:summaryModel: 0 tuples.
[2026-01-07 11:56:10] [PROGRESS] resolve extensions-by-pack> Loading data extensions in C:\Users\Admin\.codeql\packages\codeql\cpp-all\6.1.3\ext\generated\glibc\glibc.model.yml.
[2026-01-07 11:56:10] [DETAILS] resolve extensions-by-pack>   Found extension targeting codeql/cpp-all:summaryModel: 5488 tuples.
[2026-01-07 11:56:10] [PROGRESS] resolve extensions-by-pack> Loading data extensions in C:\Users\Admin\.codeql\packages\codeql\cpp-all\6.1.3\ext\generated\libidn2\libidn2.model.yml.
[2026-01-07 11:56:10] [DETAILS] resolve extensions-by-pack>   Found extension targeting codeql/cpp-all:summaryModel: 142 tuples.
[2026-01-07 11:56:10] [PROGRESS] resolve extensions-by-pack> Loading data extensions in C:\Users\Admin\.codeql\packages\codeql\cpp-all\6.1.3\ext\generated\libssh2\libssh2.model.yml.
[2026-01-07 11:56:10] [DETAILS] resolve extensions-by-pack>   Found extension targeting codeql/cpp-all:summaryModel: 511 tuples.
[2026-01-07 11:56:10] [PROGRESS] resolve extensions-by-pack> Loading data extensions in C:\Users\Admin\.codeql\packages\codeql\cpp-all\6.1.3\ext\generated\libuv\libuv.model.yml.
[2026-01-07 11:56:10] [DETAILS] resolve extensions-by-pack>   Found extension targeting codeql/cpp-all:summaryModel: 640 tuples.
[2026-01-07 11:56:10] [PROGRESS] resolve extensions-by-pack> Loading data extensions in C:\Users\Admin\.codeql\packages\codeql\cpp-all\6.1.3\ext\generated\nghttp2\nghttp2.model.yml.
[2026-01-07 11:56:10] [DETAILS] resolve extensions-by-pack>   Found extension targeting codeql/cpp-all:summaryModel: 565 tuples.
[2026-01-07 11:56:10] [PROGRESS] resolve extensions-by-pack> Loading data extensions in C:\Users\Admin\.codeql\packages\codeql\cpp-all\6.1.3\ext\generated\openssl\openssl.model.yml.
[2026-01-07 11:56:10] [DETAILS] resolve extensions-by-pack>   Found extension targeting codeql/cpp-all:summaryModel: 21578 tuples.
[2026-01-07 11:56:10] [PROGRESS] resolve extensions-by-pack> Loading data extensions in C:\Users\Admin\.codeql\packages\codeql\cpp-all\6.1.3\ext\generated\sqlite\sqlite.model.yml.
[2026-01-07 11:56:10] [DETAILS] resolve extensions-by-pack>   Found extension targeting codeql/cpp-all:summaryModel: 942 tuples.
[2026-01-07 11:56:10] [PROGRESS] resolve extensions-by-pack> Loading data extensions in C:\Users\Admin\.codeql\packages\codeql\cpp-all\6.1.3\ext\generated\zlib\zlib.model.yml.
[2026-01-07 11:56:10] [DETAILS] resolve extensions-by-pack>   Found extension targeting codeql/cpp-all:summaryModel: 162 tuples.
[2026-01-07 11:56:10] [PROGRESS] resolve extensions-by-pack> Loading data extensions in C:\Users\Admin\.codeql\packages\codeql\cpp-all\6.1.3\ext\iconv.model.yml.
[2026-01-07 11:56:10] [DETAILS] resolve extensions-by-pack>   Found extension targeting codeql/cpp-all:summaryModel: 1 tuples.
[2026-01-07 11:56:10] [PROGRESS] resolve extensions-by-pack> Loading data extensions in C:\Users\Admin\.codeql\packages\codeql\cpp-all\6.1.3\ext\oleauto.model.yml.
[2026-01-07 11:56:10] [DETAILS] resolve extensions-by-pack>   Found extension targeting codeql/cpp-all:summaryModel: 3 tuples.
[2026-01-07 11:56:10] [PROGRESS] resolve extensions-by-pack> Loading data extensions in C:\Users\Admin\.codeql\packages\codeql\cpp-all\6.1.3\ext\pthread.model.yml.
[2026-01-07 11:56:10] [DETAILS] resolve extensions-by-pack>   Found extension targeting codeql/cpp-all:summaryModel: 1 tuples.
[2026-01-07 11:56:10] [PROGRESS] resolve extensions-by-pack> Loading data extensions in C:\Users\Admin\.codeql\packages\codeql\cpp-all\6.1.3\ext\std.array.model.yml.
[2026-01-07 11:56:10] [DETAILS] resolve extensions-by-pack>   Found extension targeting codeql/cpp-all:summaryModel: 9 tuples.
[2026-01-07 11:56:10] [PROGRESS] resolve extensions-by-pack> Loading data extensions in C:\Users\Admin\.codeql\packages\codeql\cpp-all\6.1.3\ext\std.deque.model.yml.
[2026-01-07 11:56:10] [DETAILS] resolve extensions-by-pack>   Found extension targeting codeql/cpp-all:summaryModel: 69 tuples.
[2026-01-07 11:56:10] [PROGRESS] resolve extensions-by-pack> Loading data extensions in C:\Users\Admin\.codeql\packages\codeql\cpp-all\6.1.3\ext\std.format.model.yml.
[2026-01-07 11:56:10] [DETAILS] resolve extensions-by-pack>   Found extension targeting codeql/cpp-all:summaryModel: 9 tuples.
[2026-01-07 11:56:10] [PROGRESS] resolve extensions-by-pack> Loading data extensions in C:\Users\Admin\.codeql\packages\codeql\cpp-all\6.1.3\ext\std.forward_list.model.yml.
[2026-01-07 11:56:10] [DETAILS] resolve extensions-by-pack>   Found extension targeting codeql/cpp-all:summaryModel: 52 tuples.
[2026-01-07 11:56:10] [PROGRESS] resolve extensions-by-pack> Loading data extensions in C:\Users\Admin\.codeql\packages\codeql\cpp-all\6.1.3\ext\std.iterator.model.yml.
[2026-01-07 11:56:10] [DETAILS] resolve extensions-by-pack>   Found extension targeting codeql/cpp-all:summaryModel: 6 tuples.
[2026-01-07 11:56:10] [PROGRESS] resolve extensions-by-pack> Loading data extensions in C:\Users\Admin\.codeql\packages\codeql\cpp-all\6.1.3\ext\std.list.model.yml.
[2026-01-07 11:56:10] [DETAILS] resolve extensions-by-pack>   Found extension targeting codeql/cpp-all:summaryModel: 67 tuples.
[2026-01-07 11:56:10] [PROGRESS] resolve extensions-by-pack> Loading data extensions in C:\Users\Admin\.codeql\packages\codeql\cpp-all\6.1.3\ext\std.thread.model.yml.
[2026-01-07 11:56:10] [DETAILS] resolve extensions-by-pack>   Found extension targeting codeql/cpp-all:summaryModel: 5 tuples.
[2026-01-07 11:56:10] [PROGRESS] resolve extensions-by-pack> Loading data extensions in C:\Users\Admin\.codeql\packages\codeql\cpp-all\6.1.3\ext\std.vector.model.yml.
[2026-01-07 11:56:10] [DETAILS] resolve extensions-by-pack>   Found extension targeting codeql/cpp-all:summaryModel: 56 tuples.
[2026-01-07 11:56:10] [PROGRESS] resolve extensions-by-pack> Loading data extensions in C:\Users\Admin\.codeql\packages\codeql\util\2.0.25\ext\default-alert-filter.yml.
[2026-01-07 11:56:10] [DETAILS] resolve extensions-by-pack>   Found extension targeting codeql/util:restrictAlertsTo: 0 tuples.
[2026-01-07 11:56:10] [DETAILS] resolve extensions-by-pack>   Found extension targeting codeql/util:restrictAlertsToExactLocation: 0 tuples.
[2026-01-07 11:56:11] Plumbing command codeql resolve extensions-by-pack completed:
                      {
                        "models" : [ ],
                        "data" : {
                          "D:\\PracticeInCodeQL\\my-queries" : [
                            {
                              "predicate" : "sourceModel",
                              "file" : "C:\\Users\\Admin\\.codeql\\packages\\codeql\\cpp-all\\6.1.3\\ext\\Boost.Asio.model.yml",
                              "index" : 0,
                              "firstRowId" : 0,
                              "rowCount" : 6,
                              "predicateHasOrigin" : true
                            },
                            {
                              "predicate" : "sinkModel",
                              "file" : "C:\\Users\\Admin\\.codeql\\packages\\codeql\\cpp-all\\6.1.3\\ext\\Boost.Asio.model.yml",
                              "index" : 1,
                              "firstRowId" : 6,
                              "rowCount" : 4,
                              "predicateHasOrigin" : true
                            },
                            {
                              "predicate" : "summaryModel",
                              "file" : "C:\\Users\\Admin\\.codeql\\packages\\codeql\\cpp-all\\6.1.3\\ext\\Boost.Asio.model.yml",
                              "index" : 2,
                              "firstRowId" : 10,
                              "rowCount" : 1,
                              "predicateHasOrigin" : true
                            },
                            {
                              "predicate" : "summaryModel",
                              "file" : "C:\\Users\\Admin\\.codeql\\packages\\codeql\\cpp-all\\6.1.3\\ext\\CA2CAEX.model.yml",
                              "index" : 0,
                              "firstRowId" : 11,
                              "rowCount" : 13,
                              "predicateHasOrigin" : true
                            },
                            {
                              "predicate" : "summaryModel",
                              "file" : "C:\\Users\\Admin\\.codeql\\packages\\codeql\\cpp-all\\6.1.3\\ext\\CAtlArray.model.yml",
                              "index" : 0,
                              "firstRowId" : 24,
                              "rowCount" : 10,
                              "predicateHasOrigin" : true
                            },
                            {
                              "predicate" : "summaryModel",
                              "file" : "C:\\Users\\Admin\\.codeql\\packages\\codeql\\cpp-all\\6.1.3\\ext\\CAtlFile.model.yml",
                              "index" : 0,
                              "firstRowId" : 34,
                              "rowCount" : 4,
                              "predicateHasOrigin" : true
                            },
                            {
                              "predicate" : "summaryModel",
                              "file" : "C:\\Users\\Admin\\.codeql\\packages\\codeql\\cpp-all\\6.1.3\\ext\\CAtlFileMappingBase.model.yml",
                              "index" : 0,
                              "firstRowId" : 38,
                              "rowCount" : 9,
                              "predicateHasOrigin" : true
                            },
                            {
                              "predicate" : "summaryModel",
                              "file" : "C:\\Users\\Admin\\.codeql\\packages\\codeql\\cpp-all\\6.1.3\\ext\\CAtlList.model.yml",
                              "index" : 0,
                              "firstRowId" : 47,
                              "rowCount" : 10,
                              "predicateHasOrigin" : true
                            },
                            {
                              "predicate" : "summaryModel",
                              "file" : "C:\\Users\\Admin\\.codeql\\packages\\codeql\\cpp-all\\6.1.3\\ext\\CAtlTemporaryFile.model.yml",
                              "index" : 0,
                              "firstRowId" : 57,
                              "rowCount" : 3,
                              "predicateHasOrigin" : true
                            },
                            {
                              "predicate" : "summaryModel",
                              "file" : "C:\\Users\\Admin\\.codeql\\packages\\codeql\\cpp-all\\6.1.3\\ext\\CComBSTR.model.yml",
                              "index" : 0,
                              "firstRowId" : 60,
                              "rowCount" : 28,
                              "predicateHasOrigin" : true
                            },
                            {
                              "predicate" : "summaryModel",
                              "file" : "C:\\Users\\Admin\\.codeql\\packages\\codeql\\cpp-all\\6.1.3\\ext\\CComSafeArray.model.yml",
                              "index" : 0,
                              "firstRowId" : 88,
                              "rowCount" : 21,
                              "predicateHasOrigin" : true
                            },
                            {
                              "predicate" : "summaryModel",
                              "file" : "C:\\Users\\Admin\\.codeql\\packages\\codeql\\cpp-all\\6.1.3\\ext\\CPathT.model.yml",
                              "index" : 0,
                              "firstRowId" : 109,
                              "rowCount" : 15,
                              "predicateHasOrigin" : true
                            },
                            {
                              "predicate" : "summaryModel",
                              "file" : "C:\\Users\\Admin\\.codeql\\packages\\codeql\\cpp-all\\6.1.3\\ext\\CRegKey.model.yml",
                              "index" : 0,
                              "firstRowId" : 124,
                              "rowCount" : 15,
                              "predicateHasOrigin" : true
                            },
                            {
                              "predicate" : "summaryModel",
                              "file" : "C:\\Users\\Admin\\.codeql\\packages\\codeql\\cpp-all\\6.1.3\\ext\\CSimpleArray.model.yml",
                              "index" : 0,
                              "firstRowId" : 139,
                              "rowCount" : 7,
                              "predicateHasOrigin" : true
                            },
                            {
                              "predicate" : "summaryModel",
                              "file" : "C:\\Users\\Admin\\.codeql\\packages\\codeql\\cpp-all\\6.1.3\\ext\\CSimpleMap.model.yml",
                              "index" : 0,
                              "firstRowId" : 146,
                              "rowCount" : 8,
                              "predicateHasOrigin" : true
                            },
                            {
                              "predicate" : "summaryModel",
                              "file" : "C:\\Users\\Admin\\.codeql\\packages\\codeql\\cpp-all\\6.1.3\\ext\\CSimpleStringT.model.yml",
                              "index" : 0,
                              "firstRowId" : 154,
                              "rowCount" : 37,
                              "predicateHasOrigin" : true
                            },
                            {
                              "predicate" : "summaryModel",
                              "file" : "C:\\Users\\Admin\\.codeql\\packages\\codeql\\cpp-all\\6.1.3\\ext\\CStrBufT.model.yml",
                              "index" : 0,
                              "firstRowId" : 191,
                              "rowCount" : 3,
                              "predicateHasOrigin" : true
                            },
                            {
                              "predicate" : "summaryModel",
                              "file" : "C:\\Users\\Admin\\.codeql\\packages\\codeql\\cpp-all\\6.1.3\\ext\\CStringData.model.yml",
                              "index" : 0,
                              "firstRowId" : 194,
                              "rowCount" : 1,
                              "predicateHasOrigin" : true
                            },
                            {
                              "predicate" : "summaryModel",
                              "file" : "C:\\Users\\Admin\\.codeql\\packages\\codeql\\cpp-all\\6.1.3\\ext\\CStringT.model.yml",
                              "index" : 0,
                              "firstRowId" : 195,
                              "rowCount" : 113,
                              "predicateHasOrigin" : true
                            },
                            {
                              "predicate" : "summaryModel",
                              "file" : "C:\\Users\\Admin\\.codeql\\packages\\codeql\\cpp-all\\6.1.3\\ext\\CUrl.model.yml",
                              "index" : 0,
                              "firstRowId" : 308,
                              "rowCount" : 17,
                              "predicateHasOrigin" : true
                            },
                            {
                              "predicate" : "summaryModel",
                              "file" : "C:\\Users\\Admin\\.codeql\\packages\\codeql\\cpp-all\\6.1.3\\ext\\ComPtr.model.yml",
                              "index" : 0,
                              "firstRowId" : 325,
                              "rowCount" : 26,
                              "predicateHasOrigin" : true
                            },
                            {
                              "predicate" : "summaryModel",
                              "file" : "C:\\Users\\Admin\\.codeql\\packages\\codeql\\cpp-all\\6.1.3\\ext\\ComPtrRef.model.yml",
                              "index" : 0,
                              "firstRowId" : 351,
                              "rowCount" : 5,
                              "predicateHasOrigin" : true
                            },
                            {
                              "predicate" : "sinkModel",
                              "file" : "C:\\Users\\Admin\\.codeql\\packages\\codeql\\cpp-all\\6.1.3\\ext\\Oracle.oci.model.yml",
                              "index" : 0,
                              "firstRowId" : 356,
                              "rowCount" : 2,
                              "predicateHasOrigin" : true
                            },
                            {
                              "predicate" : "sourceModel",
                              "file" : "C:\\Users\\Admin\\.codeql\\packages\\codeql\\cpp-all\\6.1.3\\ext\\Windows.model.yml",
                              "index" : 0,
                              "firstRowId" : 358,
                              "rowCount" : 16,
                              "predicateHasOrigin" : true
                            },
                            {
                              "predicate" : "summaryModel",
                              "file" : "C:\\Users\\Admin\\.codeql\\packages\\codeql\\cpp-all\\6.1.3\\ext\\Windows.model.yml",
                              "index" : 1,
                              "firstRowId" : 374,
                              "rowCount" : 14,
                              "predicateHasOrigin" : true
                            },
                            {
                              "predicate" : "allocationFunctionModel",
                              "file" : "C:\\Users\\Admin\\.codeql\\packages\\codeql\\cpp-all\\6.1.3\\ext\\allocation\\Bsd.allocation.model.yml",
                              "index" : 0,
                              "firstRowId" : 388,
                              "rowCount" : 2,
                              "predicateHasOrigin" : false
                            },
                            {
                              "predicate" : "allocationFunctionModel",
                              "file" : "C:\\Users\\Admin\\.codeql\\packages\\codeql\\cpp-all\\6.1.3\\ext\\allocation\\Glibc.allocation.model.yml",
                              "index" : 0,
                              "firstRowId" : 390,
                              "rowCount" : 2,
                              "predicateHasOrigin" : false
                            },
                            {
                              "predicate" : "allocationFunctionModel",
                              "file" : "C:\\Users\\Admin\\.codeql\\packages\\codeql\\cpp-all\\6.1.3\\ext\\allocation\\OpenSSL.allocation.model.yml",
                              "index" : 0,
                              "firstRowId" : 392,
                              "rowCount" : 4,
                              "predicateHasOrigin" : false
                            },
                            {
                              "predicate" : "allocationFunctionModel",
                              "file" : "C:\\Users\\Admin\\.codeql\\packages\\codeql\\cpp-all\\6.1.3\\ext\\allocation\\Std.allocation.model.yml",
                              "index" : 0,
                              "firstRowId" : 396,
                              "rowCount" : 10,
                              "predicateHasOrigin" : false
                            },
                            {
                              "predicate" : "allocationFunctionModel",
                              "file" : "C:\\Users\\Admin\\.codeql\\packages\\codeql\\cpp-all\\6.1.3\\ext\\allocation\\Windows.allocation.model.yml",
                              "index" : 0,
                              "firstRowId" : 406,
                              "rowCount" : 24,
                              "predicateHasOrigin" : false
                            },
                            {
                              "predicate" : "allocationFunctionModel",
                              "file" : "C:\\Users\\Admin\\.codeql\\packages\\codeql\\cpp-all\\6.1.3\\ext\\allocation\\empty.allocation.model.yml",
                              "index" : 0,
                              "firstRowId" : 430,
                              "rowCount" : 0,
                              "predicateHasOrigin" : false
                            },
                            {
                              "predicate" : "summaryModel",
                              "file" : "C:\\Users\\Admin\\.codeql\\packages\\codeql\\cpp-all\\6.1.3\\ext\\bsl.array.model.yml",
                              "index" : 0,
                              "firstRowId" : 430,
                              "rowCount" : 9,
                              "predicateHasOrigin" : true
                            },
                            {
                              "predicate" : "summaryModel",
                              "file" : "C:\\Users\\Admin\\.codeql\\packages\\codeql\\cpp-all\\6.1.3\\ext\\bsl.deque.model.yml",
                              "index" : 0,
                              "firstRowId" : 439,
                              "rowCount" : 69,
                              "predicateHasOrigin" : true
                            },
                            {
                              "predicate" : "summaryModel",
                              "file" : "C:\\Users\\Admin\\.codeql\\packages\\codeql\\cpp-all\\6.1.3\\ext\\bsl.forward_list.model.yml",
                              "index" : 0,
                              "firstRowId" : 508,
                              "rowCount" : 52,
                              "predicateHasOrigin" : true
                            },
                            {
                              "predicate" : "summaryModel",
                              "file" : "C:\\Users\\Admin\\.codeql\\packages\\codeql\\cpp-all\\6.1.3\\ext\\bsl.list.model.yml",
                              "index" : 0,
                              "firstRowId" : 560,
                              "rowCount" : 67,
                              "predicateHasOrigin" : true
                            },
                            {
                              "predicate" : "summaryModel",
                              "file" : "C:\\Users\\Admin\\.codeql\\packages\\codeql\\cpp-all\\6.1.3\\ext\\bsl.vector.model.yml",
                              "index" : 0,
                              "firstRowId" : 627,
                              "rowCount" : 56,
                              "predicateHasOrigin" : true
                            },
                            {
                              "predicate" : "summaryModel",
                              "file" : "C:\\Users\\Admin\\.codeql\\packages\\codeql\\cpp-all\\6.1.3\\ext\\cctype.model.yml",
                              "index" : 0,
                              "firstRowId" : 683,
                              "rowCount" : 4,
                              "predicateHasOrigin" : true
                            },
                            {
                              "predicate" : "deallocationFunctionModel",
                              "file" : "C:\\Users\\Admin\\.codeql\\packages\\codeql\\cpp-all\\6.1.3\\ext\\deallocation\\Bsd.deallocation.model.yml",
                              "index" : 0,
                              "firstRowId" : 687,
                              "rowCount" : 3,
                              "predicateHasOrigin" : false
                            },
                            {
                              "predicate" : "deallocationFunctionModel",
                              "file" : "C:\\Users\\Admin\\.codeql\\packages\\codeql\\cpp-all\\6.1.3\\ext\\deallocation\\Std.deallocation.model.yml",
                              "index" : 0,
                              "firstRowId" : 690,
                              "rowCount" : 37,
                              "predicateHasOrigin" : false
                            },
                            {
                              "predicate" : "deallocationFunctionModel",
                              "file" : "C:\\Users\\Admin\\.codeql\\packages\\codeql\\cpp-all\\6.1.3\\ext\\deallocation\\Windows.deallocation.model.yml",
                              "index" : 0,
                              "firstRowId" : 727,
                              "rowCount" : 36,
                              "predicateHasOrigin" : false
                            },
                            {
                              "predicate" : "deallocationFunctionModel",
                              "file" : "C:\\Users\\Admin\\.codeql\\packages\\codeql\\cpp-all\\6.1.3\\ext\\deallocation\\empty.deallocation.model.yml",
                              "index" : 0,
                              "firstRowId" : 763,
                              "rowCount" : 0,
                              "predicateHasOrigin" : false
                            },
                            {
                              "predicate" : "sourceModel",
                              "file" : "C:\\Users\\Admin\\.codeql\\packages\\codeql\\cpp-all\\6.1.3\\ext\\empty.model.yml",
                              "index" : 0,
                              "firstRowId" : 763,
                              "rowCount" : 0,
                              "predicateHasOrigin" : true
                            },
                            {
                              "predicate" : "sinkModel",
                              "file" : "C:\\Users\\Admin\\.codeql\\packages\\codeql\\cpp-all\\6.1.3\\ext\\empty.model.yml",
                              "index" : 1,
                              "firstRowId" : 763,
                              "rowCount" : 0,
                              "predicateHasOrigin" : true
                            },
                            {
                              "predicate" : "summaryModel",
                              "file" : "C:\\Users\\Admin\\.codeql\\packages\\codeql\\cpp-all\\6.1.3\\ext\\empty.model.yml",
                              "index" : 2,
                              "firstRowId" : 763,
                              "rowCount" : 0,
                              "predicateHasOrigin" : true
                            },
                            {
                              "predicate" : "summaryModel",
                              "file" : "C:\\Users\\Admin\\.codeql\\packages\\codeql\\cpp-all\\6.1.3\\ext\\generated\\brotli\\brotli.model.yml",
                              "index" : 0,
                              "firstRowId" : 763,
                              "rowCount" : 474,
                              "predicateHasOrigin" : true
                            },
                            {
                              "predicate" : "summaryModel",
                              "file" : "C:\\Users\\Admin\\.codeql\\packages\\codeql\\cpp-all\\6.1.3\\ext\\generated\\curl\\curl.model.yml",
                              "index" : 0,
                              "firstRowId" : 1237,
                              "rowCount" : 953,
                              "predicateHasOrigin" : true
                            },
                            {
                              "predicate" : "summaryModel",
                              "file" : "C:\\Users\\Admin\\.codeql\\packages\\codeql\\cpp-all\\6.1.3\\ext\\generated\\empty.model.yml",
                              "index" : 0,
                              "firstRowId" : 2190,
                              "rowCount" : 0,
                              "predicateHasOrigin" : true
                            },
                            {
                              "predicate" : "summaryModel",
                              "file" : "C:\\Users\\Admin\\.codeql\\packages\\codeql\\cpp-all\\6.1.3\\ext\\generated\\glibc\\glibc.model.yml",
                              "index" : 0,
                              "firstRowId" : 2190,
                              "rowCount" : 5488,
                              "predicateHasOrigin" : true
                            },
                            {
                              "predicate" : "summaryModel",
                              "file" : "C:\\Users\\Admin\\.codeql\\packages\\codeql\\cpp-all\\6.1.3\\ext\\generated\\libidn2\\libidn2.model.yml",
                              "index" : 0,
                              "firstRowId" : 7678,
                              "rowCount" : 142,
                              "predicateHasOrigin" : true
                            },
                            {
                              "predicate" : "summaryModel",
                              "file" : "C:\\Users\\Admin\\.codeql\\packages\\codeql\\cpp-all\\6.1.3\\ext\\generated\\libssh2\\libssh2.model.yml",
                              "index" : 0,
                              "firstRowId" : 7820,
                              "rowCount" : 511,
                              "predicateHasOrigin" : true
                            },
                            {
                              "predicate" : "summaryModel",
                              "file" : "C:\\Users\\Admin\\.codeql\\packages\\codeql\\cpp-all\\6.1.3\\ext\\generated\\libuv\\libuv.model.yml",
                              "index" : 0,
                              "firstRowId" : 8331,
                              "rowCount" : 640,
                              "predicateHasOrigin" : true
                            },
                            {
                              "predicate" : "summaryModel",
                              "file" : "C:\\Users\\Admin\\.codeql\\packages\\codeql\\cpp-all\\6.1.3\\ext\\generated\\nghttp2\\nghttp2.model.yml",
                              "index" : 0,
                              "firstRowId" : 8971,
                              "rowCount" : 565,
                              "predicateHasOrigin" : true
                            },
                            {
                              "predicate" : "summaryModel",
                              "file" : "C:\\Users\\Admin\\.codeql\\packages\\codeql\\cpp-all\\6.1.3\\ext\\generated\\openssl\\openssl.model.yml",
                              "index" : 0,
                              "firstRowId" : 9536,
                              "rowCount" : 21578,
                              "predicateHasOrigin" : true
                            },
                            {
                              "predicate" : "summaryModel",
                              "file" : "C:\\Users\\Admin\\.codeql\\packages\\codeql\\cpp-all\\6.1.3\\ext\\generated\\sqlite\\sqlite.model.yml",
                              "index" : 0,
                              "firstRowId" : 31114,
                              "rowCount" : 942,
                              "predicateHasOrigin" : true
                            },
                            {
                              "predicate" : "summaryModel",
                              "file" : "C:\\Users\\Admin\\.codeql\\packages\\codeql\\cpp-all\\6.1.3\\ext\\generated\\zlib\\zlib.model.yml",
                              "index" : 0,
                              "firstRowId" : 32056,
                              "rowCount" : 162,
                              "predicateHasOrigin" : true
                            },
                            {
                              "predicate" : "summaryModel",
                              "file" : "C:\\Users\\Admin\\.codeql\\packages\\codeql\\cpp-all\\6.1.3\\ext\\iconv.model.yml",
                              "index" : 0,
                              "firstRowId" : 32218,
                              "rowCount" : 1,
                              "predicateHasOrigin" : true
                            },
                            {
                              "predicate" : "summaryModel",
                              "file" : "C:\\Users\\Admin\\.codeql\\packages\\codeql\\cpp-all\\6.1.3\\ext\\oleauto.model.yml",
                              "index" : 0,
                              "firstRowId" : 32219,
                              "rowCount" : 3,
                              "predicateHasOrigin" : true
                            },
                            {
                              "predicate" : "summaryModel",
                              "file" : "C:\\Users\\Admin\\.codeql\\packages\\codeql\\cpp-all\\6.1.3\\ext\\pthread.model.yml",
                              "index" : 0,
                              "firstRowId" : 32222,
                              "rowCount" : 1,
                              "predicateHasOrigin" : true
                            },
                            {
                              "predicate" : "summaryModel",
                              "file" : "C:\\Users\\Admin\\.codeql\\packages\\codeql\\cpp-all\\6.1.3\\ext\\std.array.model.yml",
                              "index" : 0,
                              "firstRowId" : 32223,
                              "rowCount" : 9,
                              "predicateHasOrigin" : true
                            },
                            {
                              "predicate" : "summaryModel",
                              "file" : "C:\\Users\\Admin\\.codeql\\packages\\codeql\\cpp-all\\6.1.3\\ext\\std.deque.model.yml",
                              "index" : 0,
                              "firstRowId" : 32232,
                              "rowCount" : 69,
                              "predicateHasOrigin" : true
                            },
                            {
                              "predicate" : "summaryModel",
                              "file" : "C:\\Users\\Admin\\.codeql\\packages\\codeql\\cpp-all\\6.1.3\\ext\\std.format.model.yml",
                              "index" : 0,
                              "firstRowId" : 32301,
                              "rowCount" : 9,
                              "predicateHasOrigin" : true
                            },
                            {
                              "predicate" : "summaryModel",
                              "file" : "C:\\Users\\Admin\\.codeql\\packages\\codeql\\cpp-all\\6.1.3\\ext\\std.forward_list.model.yml",
                              "index" : 0,
                              "firstRowId" : 32310,
                              "rowCount" : 52,
                              "predicateHasOrigin" : true
                            },
                            {
                              "predicate" : "summaryModel",
                              "file" : "C:\\Users\\Admin\\.codeql\\packages\\codeql\\cpp-all\\6.1.3\\ext\\std.iterator.model.yml",
                              "index" : 0,
                              "firstRowId" : 32362,
                              "rowCount" : 6,
                              "predicateHasOrigin" : true
                            },
                            {
                              "predicate" : "summaryModel",
                              "file" : "C:\\Users\\Admin\\.codeql\\packages\\codeql\\cpp-all\\6.1.3\\ext\\std.list.model.yml",
                              "index" : 0,
                              "firstRowId" : 32368,
                              "rowCount" : 67,
                              "predicateHasOrigin" : true
                            },
                            {
                              "predicate" : "summaryModel",
                              "file" : "C:\\Users\\Admin\\.codeql\\packages\\codeql\\cpp-all\\6.1.3\\ext\\std.thread.model.yml",
                              "index" : 0,
                              "firstRowId" : 32435,
                              "rowCount" : 5,
                              "predicateHasOrigin" : true
                            },
                            {
                              "predicate" : "summaryModel",
                              "file" : "C:\\Users\\Admin\\.codeql\\packages\\codeql\\cpp-all\\6.1.3\\ext\\std.vector.model.yml",
                              "index" : 0,
                              "firstRowId" : 32440,
                              "rowCount" : 56,
                              "predicateHasOrigin" : true
                            },
                            {
                              "predicate" : "restrictAlertsTo",
                              "file" : "C:\\Users\\Admin\\.codeql\\packages\\codeql\\util\\2.0.25\\ext\\default-alert-filter.yml",
                              "index" : 0,
                              "firstRowId" : 32496,
                              "rowCount" : 0,
                              "predicateHasOrigin" : false
                            },
                            {
                              "predicate" : "restrictAlertsToExactLocation",
                              "file" : "C:\\Users\\Admin\\.codeql\\packages\\codeql\\util\\2.0.25\\ext\\default-alert-filter.yml",
                              "index" : 1,
                              "firstRowId" : 32496,
                              "rowCount" : 0,
                              "predicateHasOrigin" : false
                            }
                          ]
                        },
                        "threatModels" : { },
                        "extensionPacks" : [ ]
                      }
[2026-01-07 11:56:11] Plumbing command codeql resolve extensions completed:
                      {
                        "models" : [ ],
                        "data" : {
                          "D:\\PracticeInCodeQL\\my-queries" : [
                            {
                              "predicate" : "sourceModel",
                              "file" : "C:\\Users\\Admin\\.codeql\\packages\\codeql\\cpp-all\\6.1.3\\ext\\Boost.Asio.model.yml",
                              "index" : 0,
                              "firstRowId" : 0,
                              "rowCount" : 6,
                              "predicateHasOrigin" : true
                            },
                            {
                              "predicate" : "sinkModel",
                              "file" : "C:\\Users\\Admin\\.codeql\\packages\\codeql\\cpp-all\\6.1.3\\ext\\Boost.Asio.model.yml",
                              "index" : 1,
                              "firstRowId" : 6,
                              "rowCount" : 4,
                              "predicateHasOrigin" : true
                            },
                            {
                              "predicate" : "summaryModel",
                              "file" : "C:\\Users\\Admin\\.codeql\\packages\\codeql\\cpp-all\\6.1.3\\ext\\Boost.Asio.model.yml",
                              "index" : 2,
                              "firstRowId" : 10,
                              "rowCount" : 1,
                              "predicateHasOrigin" : true
                            },
                            {
                              "predicate" : "summaryModel",
                              "file" : "C:\\Users\\Admin\\.codeql\\packages\\codeql\\cpp-all\\6.1.3\\ext\\CA2CAEX.model.yml",
                              "index" : 0,
                              "firstRowId" : 11,
                              "rowCount" : 13,
                              "predicateHasOrigin" : true
                            },
                            {
                              "predicate" : "summaryModel",
                              "file" : "C:\\Users\\Admin\\.codeql\\packages\\codeql\\cpp-all\\6.1.3\\ext\\CAtlArray.model.yml",
                              "index" : 0,
                              "firstRowId" : 24,
                              "rowCount" : 10,
                              "predicateHasOrigin" : true
                            },
                            {
                              "predicate" : "summaryModel",
                              "file" : "C:\\Users\\Admin\\.codeql\\packages\\codeql\\cpp-all\\6.1.3\\ext\\CAtlFile.model.yml",
                              "index" : 0,
                              "firstRowId" : 34,
                              "rowCount" : 4,
                              "predicateHasOrigin" : true
                            },
                            {
                              "predicate" : "summaryModel",
                              "file" : "C:\\Users\\Admin\\.codeql\\packages\\codeql\\cpp-all\\6.1.3\\ext\\CAtlFileMappingBase.model.yml",
                              "index" : 0,
                              "firstRowId" : 38,
                              "rowCount" : 9,
                              "predicateHasOrigin" : true
                            },
                            {
                              "predicate" : "summaryModel",
                              "file" : "C:\\Users\\Admin\\.codeql\\packages\\codeql\\cpp-all\\6.1.3\\ext\\CAtlList.model.yml",
                              "index" : 0,
                              "firstRowId" : 47,
                              "rowCount" : 10,
                              "predicateHasOrigin" : true
                            },
                            {
                              "predicate" : "summaryModel",
                              "file" : "C:\\Users\\Admin\\.codeql\\packages\\codeql\\cpp-all\\6.1.3\\ext\\CAtlTemporaryFile.model.yml",
                              "index" : 0,
                              "firstRowId" : 57,
                              "rowCount" : 3,
                              "predicateHasOrigin" : true
                            },
                            {
                              "predicate" : "summaryModel",
                              "file" : "C:\\Users\\Admin\\.codeql\\packages\\codeql\\cpp-all\\6.1.3\\ext\\CComBSTR.model.yml",
                              "index" : 0,
                              "firstRowId" : 60,
                              "rowCount" : 28,
                              "predicateHasOrigin" : true
                            },
                            {
                              "predicate" : "summaryModel",
                              "file" : "C:\\Users\\Admin\\.codeql\\packages\\codeql\\cpp-all\\6.1.3\\ext\\CComSafeArray.model.yml",
                              "index" : 0,
                              "firstRowId" : 88,
                              "rowCount" : 21,
                              "predicateHasOrigin" : true
                            },
                            {
                              "predicate" : "summaryModel",
                              "file" : "C:\\Users\\Admin\\.codeql\\packages\\codeql\\cpp-all\\6.1.3\\ext\\CPathT.model.yml",
                              "index" : 0,
                              "firstRowId" : 109,
                              "rowCount" : 15,
                              "predicateHasOrigin" : true
                            },
                            {
                              "predicate" : "summaryModel",
                              "file" : "C:\\Users\\Admin\\.codeql\\packages\\codeql\\cpp-all\\6.1.3\\ext\\CRegKey.model.yml",
                              "index" : 0,
                              "firstRowId" : 124,
                              "rowCount" : 15,
                              "predicateHasOrigin" : true
                            },
                            {
                              "predicate" : "summaryModel",
                              "file" : "C:\\Users\\Admin\\.codeql\\packages\\codeql\\cpp-all\\6.1.3\\ext\\CSimpleArray.model.yml",
                              "index" : 0,
                              "firstRowId" : 139,
                              "rowCount" : 7,
                              "predicateHasOrigin" : true
                            },
                            {
                              "predicate" : "summaryModel",
                              "file" : "C:\\Users\\Admin\\.codeql\\packages\\codeql\\cpp-all\\6.1.3\\ext\\CSimpleMap.model.yml",
                              "index" : 0,
                              "firstRowId" : 146,
                              "rowCount" : 8,
                              "predicateHasOrigin" : true
                            },
                            {
                              "predicate" : "summaryModel",
                              "file" : "C:\\Users\\Admin\\.codeql\\packages\\codeql\\cpp-all\\6.1.3\\ext\\CSimpleStringT.model.yml",
                              "index" : 0,
                              "firstRowId" : 154,
                              "rowCount" : 37,
                              "predicateHasOrigin" : true
                            },
                            {
                              "predicate" : "summaryModel",
                              "file" : "C:\\Users\\Admin\\.codeql\\packages\\codeql\\cpp-all\\6.1.3\\ext\\CStrBufT.model.yml",
                              "index" : 0,
                              "firstRowId" : 191,
                              "rowCount" : 3,
                              "predicateHasOrigin" : true
                            },
                            {
                              "predicate" : "summaryModel",
                              "file" : "C:\\Users\\Admin\\.codeql\\packages\\codeql\\cpp-all\\6.1.3\\ext\\CStringData.model.yml",
                              "index" : 0,
                              "firstRowId" : 194,
                              "rowCount" : 1,
                              "predicateHasOrigin" : true
                            },
                            {
                              "predicate" : "summaryModel",
                              "file" : "C:\\Users\\Admin\\.codeql\\packages\\codeql\\cpp-all\\6.1.3\\ext\\CStringT.model.yml",
                              "index" : 0,
                              "firstRowId" : 195,
                              "rowCount" : 113,
                              "predicateHasOrigin" : true
                            },
                            {
                              "predicate" : "summaryModel",
                              "file" : "C:\\Users\\Admin\\.codeql\\packages\\codeql\\cpp-all\\6.1.3\\ext\\CUrl.model.yml",
                              "index" : 0,
                              "firstRowId" : 308,
                              "rowCount" : 17,
                              "predicateHasOrigin" : true
                            },
                            {
                              "predicate" : "summaryModel",
                              "file" : "C:\\Users\\Admin\\.codeql\\packages\\codeql\\cpp-all\\6.1.3\\ext\\ComPtr.model.yml",
                              "index" : 0,
                              "firstRowId" : 325,
                              "rowCount" : 26,
                              "predicateHasOrigin" : true
                            },
                            {
                              "predicate" : "summaryModel",
                              "file" : "C:\\Users\\Admin\\.codeql\\packages\\codeql\\cpp-all\\6.1.3\\ext\\ComPtrRef.model.yml",
                              "index" : 0,
                              "firstRowId" : 351,
                              "rowCount" : 5,
                              "predicateHasOrigin" : true
                            },
                            {
                              "predicate" : "sinkModel",
                              "file" : "C:\\Users\\Admin\\.codeql\\packages\\codeql\\cpp-all\\6.1.3\\ext\\Oracle.oci.model.yml",
                              "index" : 0,
                              "firstRowId" : 356,
                              "rowCount" : 2,
                              "predicateHasOrigin" : true
                            },
                            {
                              "predicate" : "sourceModel",
                              "file" : "C:\\Users\\Admin\\.codeql\\packages\\codeql\\cpp-all\\6.1.3\\ext\\Windows.model.yml",
                              "index" : 0,
                              "firstRowId" : 358,
                              "rowCount" : 16,
                              "predicateHasOrigin" : true
                            },
                            {
                              "predicate" : "summaryModel",
                              "file" : "C:\\Users\\Admin\\.codeql\\packages\\codeql\\cpp-all\\6.1.3\\ext\\Windows.model.yml",
                              "index" : 1,
                              "firstRowId" : 374,
                              "rowCount" : 14,
                              "predicateHasOrigin" : true
                            },
                            {
                              "predicate" : "allocationFunctionModel",
                              "file" : "C:\\Users\\Admin\\.codeql\\packages\\codeql\\cpp-all\\6.1.3\\ext\\allocation\\Bsd.allocation.model.yml",
                              "index" : 0,
                              "firstRowId" : 388,
                              "rowCount" : 2,
                              "predicateHasOrigin" : false
                            },
                            {
                              "predicate" : "allocationFunctionModel",
                              "file" : "C:\\Users\\Admin\\.codeql\\packages\\codeql\\cpp-all\\6.1.3\\ext\\allocation\\Glibc.allocation.model.yml",
                              "index" : 0,
                              "firstRowId" : 390,
                              "rowCount" : 2,
                              "predicateHasOrigin" : false
                            },
                            {
                              "predicate" : "allocationFunctionModel",
                              "file" : "C:\\Users\\Admin\\.codeql\\packages\\codeql\\cpp-all\\6.1.3\\ext\\allocation\\OpenSSL.allocation.model.yml",
                              "index" : 0,
                              "firstRowId" : 392,
                              "rowCount" : 4,
                              "predicateHasOrigin" : false
                            },
                            {
                              "predicate" : "allocationFunctionModel",
                              "file" : "C:\\Users\\Admin\\.codeql\\packages\\codeql\\cpp-all\\6.1.3\\ext\\allocation\\Std.allocation.model.yml",
                              "index" : 0,
                              "firstRowId" : 396,
                              "rowCount" : 10,
                              "predicateHasOrigin" : false
                            },
                            {
                              "predicate" : "allocationFunctionModel",
                              "file" : "C:\\Users\\Admin\\.codeql\\packages\\codeql\\cpp-all\\6.1.3\\ext\\allocation\\Windows.allocation.model.yml",
                              "index" : 0,
                              "firstRowId" : 406,
                              "rowCount" : 24,
                              "predicateHasOrigin" : false
                            },
                            {
                              "predicate" : "allocationFunctionModel",
                              "file" : "C:\\Users\\Admin\\.codeql\\packages\\codeql\\cpp-all\\6.1.3\\ext\\allocation\\empty.allocation.model.yml",
                              "index" : 0,
                              "firstRowId" : 430,
                              "rowCount" : 0,
                              "predicateHasOrigin" : false
                            },
                            {
                              "predicate" : "summaryModel",
                              "file" : "C:\\Users\\Admin\\.codeql\\packages\\codeql\\cpp-all\\6.1.3\\ext\\bsl.array.model.yml",
                              "index" : 0,
                              "firstRowId" : 430,
                              "rowCount" : 9,
                              "predicateHasOrigin" : true
                            },
                            {
                              "predicate" : "summaryModel",
                              "file" : "C:\\Users\\Admin\\.codeql\\packages\\codeql\\cpp-all\\6.1.3\\ext\\bsl.deque.model.yml",
                              "index" : 0,
                              "firstRowId" : 439,
                              "rowCount" : 69,
                              "predicateHasOrigin" : true
                            },
                            {
                              "predicate" : "summaryModel",
                              "file" : "C:\\Users\\Admin\\.codeql\\packages\\codeql\\cpp-all\\6.1.3\\ext\\bsl.forward_list.model.yml",
                              "index" : 0,
                              "firstRowId" : 508,
                              "rowCount" : 52,
                              "predicateHasOrigin" : true
                            },
                            {
                              "predicate" : "summaryModel",
                              "file" : "C:\\Users\\Admin\\.codeql\\packages\\codeql\\cpp-all\\6.1.3\\ext\\bsl.list.model.yml",
                              "index" : 0,
                              "firstRowId" : 560,
                              "rowCount" : 67,
                              "predicateHasOrigin" : true
                            },
                            {
                              "predicate" : "summaryModel",
                              "file" : "C:\\Users\\Admin\\.codeql\\packages\\codeql\\cpp-all\\6.1.3\\ext\\bsl.vector.model.yml",
                              "index" : 0,
                              "firstRowId" : 627,
                              "rowCount" : 56,
                              "predicateHasOrigin" : true
                            },
                            {
                              "predicate" : "summaryModel",
                              "file" : "C:\\Users\\Admin\\.codeql\\packages\\codeql\\cpp-all\\6.1.3\\ext\\cctype.model.yml",
                              "index" : 0,
                              "firstRowId" : 683,
                              "rowCount" : 4,
                              "predicateHasOrigin" : true
                            },
                            {
                              "predicate" : "deallocationFunctionModel",
                              "file" : "C:\\Users\\Admin\\.codeql\\packages\\codeql\\cpp-all\\6.1.3\\ext\\deallocation\\Bsd.deallocation.model.yml",
                              "index" : 0,
                              "firstRowId" : 687,
                              "rowCount" : 3,
                              "predicateHasOrigin" : false
                            },
                            {
                              "predicate" : "deallocationFunctionModel",
                              "file" : "C:\\Users\\Admin\\.codeql\\packages\\codeql\\cpp-all\\6.1.3\\ext\\deallocation\\Std.deallocation.model.yml",
                              "index" : 0,
                              "firstRowId" : 690,
                              "rowCount" : 37,
                              "predicateHasOrigin" : false
                            },
                            {
                              "predicate" : "deallocationFunctionModel",
                              "file" : "C:\\Users\\Admin\\.codeql\\packages\\codeql\\cpp-all\\6.1.3\\ext\\deallocation\\Windows.deallocation.model.yml",
                              "index" : 0,
                              "firstRowId" : 727,
                              "rowCount" : 36,
                              "predicateHasOrigin" : false
                            },
                            {
                              "predicate" : "deallocationFunctionModel",
                              "file" : "C:\\Users\\Admin\\.codeql\\packages\\codeql\\cpp-all\\6.1.3\\ext\\deallocation\\empty.deallocation.model.yml",
                              "index" : 0,
                              "firstRowId" : 763,
                              "rowCount" : 0,
                              "predicateHasOrigin" : false
                            },
                            {
                              "predicate" : "sourceModel",
                              "file" : "C:\\Users\\Admin\\.codeql\\packages\\codeql\\cpp-all\\6.1.3\\ext\\empty.model.yml",
                              "index" : 0,
                              "firstRowId" : 763,
                              "rowCount" : 0,
                              "predicateHasOrigin" : true
                            },
                            {
                              "predicate" : "sinkModel",
                              "file" : "C:\\Users\\Admin\\.codeql\\packages\\codeql\\cpp-all\\6.1.3\\ext\\empty.model.yml",
                              "index" : 1,
                              "firstRowId" : 763,
                              "rowCount" : 0,
                              "predicateHasOrigin" : true
                            },
                            {
                              "predicate" : "summaryModel",
                              "file" : "C:\\Users\\Admin\\.codeql\\packages\\codeql\\cpp-all\\6.1.3\\ext\\empty.model.yml",
                              "index" : 2,
                              "firstRowId" : 763,
                              "rowCount" : 0,
                              "predicateHasOrigin" : true
                            },
                            {
                              "predicate" : "summaryModel",
                              "file" : "C:\\Users\\Admin\\.codeql\\packages\\codeql\\cpp-all\\6.1.3\\ext\\generated\\brotli\\brotli.model.yml",
                              "index" : 0,
                              "firstRowId" : 763,
                              "rowCount" : 474,
                              "predicateHasOrigin" : true
                            },
                            {
                              "predicate" : "summaryModel",
                              "file" : "C:\\Users\\Admin\\.codeql\\packages\\codeql\\cpp-all\\6.1.3\\ext\\generated\\curl\\curl.model.yml",
                              "index" : 0,
                              "firstRowId" : 1237,
                              "rowCount" : 953,
                              "predicateHasOrigin" : true
                            },
                            {
                              "predicate" : "summaryModel",
                              "file" : "C:\\Users\\Admin\\.codeql\\packages\\codeql\\cpp-all\\6.1.3\\ext\\generated\\empty.model.yml",
                              "index" : 0,
                              "firstRowId" : 2190,
                              "rowCount" : 0,
                              "predicateHasOrigin" : true
                            },
                            {
                              "predicate" : "summaryModel",
                              "file" : "C:\\Users\\Admin\\.codeql\\packages\\codeql\\cpp-all\\6.1.3\\ext\\generated\\glibc\\glibc.model.yml",
                              "index" : 0,
                              "firstRowId" : 2190,
                              "rowCount" : 5488,
                              "predicateHasOrigin" : true
                            },
                            {
                              "predicate" : "summaryModel",
                              "file" : "C:\\Users\\Admin\\.codeql\\packages\\codeql\\cpp-all\\6.1.3\\ext\\generated\\libidn2\\libidn2.model.yml",
                              "index" : 0,
                              "firstRowId" : 7678,
                              "rowCount" : 142,
                              "predicateHasOrigin" : true
                            },
                            {
                              "predicate" : "summaryModel",
                              "file" : "C:\\Users\\Admin\\.codeql\\packages\\codeql\\cpp-all\\6.1.3\\ext\\generated\\libssh2\\libssh2.model.yml",
                              "index" : 0,
                              "firstRowId" : 7820,
                              "rowCount" : 511,
                              "predicateHasOrigin" : true
                            },
                            {
                              "predicate" : "summaryModel",
                              "file" : "C:\\Users\\Admin\\.codeql\\packages\\codeql\\cpp-all\\6.1.3\\ext\\generated\\libuv\\libuv.model.yml",
                              "index" : 0,
                              "firstRowId" : 8331,
                              "rowCount" : 640,
                              "predicateHasOrigin" : true
                            },
                            {
                              "predicate" : "summaryModel",
                              "file" : "C:\\Users\\Admin\\.codeql\\packages\\codeql\\cpp-all\\6.1.3\\ext\\generated\\nghttp2\\nghttp2.model.yml",
                              "index" : 0,
                              "firstRowId" : 8971,
                              "rowCount" : 565,
                              "predicateHasOrigin" : true
                            },
                            {
                              "predicate" : "summaryModel",
                              "file" : "C:\\Users\\Admin\\.codeql\\packages\\codeql\\cpp-all\\6.1.3\\ext\\generated\\openssl\\openssl.model.yml",
                              "index" : 0,
                              "firstRowId" : 9536,
                              "rowCount" : 21578,
                              "predicateHasOrigin" : true
                            },
                            {
                              "predicate" : "summaryModel",
                              "file" : "C:\\Users\\Admin\\.codeql\\packages\\codeql\\cpp-all\\6.1.3\\ext\\generated\\sqlite\\sqlite.model.yml",
                              "index" : 0,
                              "firstRowId" : 31114,
                              "rowCount" : 942,
                              "predicateHasOrigin" : true
                            },
                            {
                              "predicate" : "summaryModel",
                              "file" : "C:\\Users\\Admin\\.codeql\\packages\\codeql\\cpp-all\\6.1.3\\ext\\generated\\zlib\\zlib.model.yml",
                              "index" : 0,
                              "firstRowId" : 32056,
                              "rowCount" : 162,
                              "predicateHasOrigin" : true
                            },
                            {
                              "predicate" : "summaryModel",
                              "file" : "C:\\Users\\Admin\\.codeql\\packages\\codeql\\cpp-all\\6.1.3\\ext\\iconv.model.yml",
                              "index" : 0,
                              "firstRowId" : 32218,
                              "rowCount" : 1,
                              "predicateHasOrigin" : true
                            },
                            {
                              "predicate" : "summaryModel",
                              "file" : "C:\\Users\\Admin\\.codeql\\packages\\codeql\\cpp-all\\6.1.3\\ext\\oleauto.model.yml",
                              "index" : 0,
                              "firstRowId" : 32219,
                              "rowCount" : 3,
                              "predicateHasOrigin" : true
                            },
                            {
                              "predicate" : "summaryModel",
                              "file" : "C:\\Users\\Admin\\.codeql\\packages\\codeql\\cpp-all\\6.1.3\\ext\\pthread.model.yml",
                              "index" : 0,
                              "firstRowId" : 32222,
                              "rowCount" : 1,
                              "predicateHasOrigin" : true
                            },
                            {
                              "predicate" : "summaryModel",
                              "file" : "C:\\Users\\Admin\\.codeql\\packages\\codeql\\cpp-all\\6.1.3\\ext\\std.array.model.yml",
                              "index" : 0,
                              "firstRowId" : 32223,
                              "rowCount" : 9,
                              "predicateHasOrigin" : true
                            },
                            {
                              "predicate" : "summaryModel",
                              "file" : "C:\\Users\\Admin\\.codeql\\packages\\codeql\\cpp-all\\6.1.3\\ext\\std.deque.model.yml",
                              "index" : 0,
                              "firstRowId" : 32232,
                              "rowCount" : 69,
                              "predicateHasOrigin" : true
                            },
                            {
                              "predicate" : "summaryModel",
                              "file" : "C:\\Users\\Admin\\.codeql\\packages\\codeql\\cpp-all\\6.1.3\\ext\\std.format.model.yml",
                              "index" : 0,
                              "firstRowId" : 32301,
                              "rowCount" : 9,
                              "predicateHasOrigin" : true
                            },
                            {
                              "predicate" : "summaryModel",
                              "file" : "C:\\Users\\Admin\\.codeql\\packages\\codeql\\cpp-all\\6.1.3\\ext\\std.forward_list.model.yml",
                              "index" : 0,
                              "firstRowId" : 32310,
                              "rowCount" : 52,
                              "predicateHasOrigin" : true
                            },
                            {
                              "predicate" : "summaryModel",
                              "file" : "C:\\Users\\Admin\\.codeql\\packages\\codeql\\cpp-all\\6.1.3\\ext\\std.iterator.model.yml",
                              "index" : 0,
                              "firstRowId" : 32362,
                              "rowCount" : 6,
                              "predicateHasOrigin" : true
                            },
                            {
                              "predicate" : "summaryModel",
                              "file" : "C:\\Users\\Admin\\.codeql\\packages\\codeql\\cpp-all\\6.1.3\\ext\\std.list.model.yml",
                              "index" : 0,
                              "firstRowId" : 32368,
                              "rowCount" : 67,
                              "predicateHasOrigin" : true
                            },
                            {
                              "predicate" : "summaryModel",
                              "file" : "C:\\Users\\Admin\\.codeql\\packages\\codeql\\cpp-all\\6.1.3\\ext\\std.thread.model.yml",
                              "index" : 0,
                              "firstRowId" : 32435,
                              "rowCount" : 5,
                              "predicateHasOrigin" : true
                            },
                            {
                              "predicate" : "summaryModel",
                              "file" : "C:\\Users\\Admin\\.codeql\\packages\\codeql\\cpp-all\\6.1.3\\ext\\std.vector.model.yml",
                              "index" : 0,
                              "firstRowId" : 32440,
                              "rowCount" : 56,
                              "predicateHasOrigin" : true
                            },
                            {
                              "predicate" : "restrictAlertsTo",
                              "file" : "C:\\Users\\Admin\\.codeql\\packages\\codeql\\util\\2.0.25\\ext\\default-alert-filter.yml",
                              "index" : 0,
                              "firstRowId" : 32496,
                              "rowCount" : 0,
                              "predicateHasOrigin" : false
                            },
                            {
                              "predicate" : "restrictAlertsToExactLocation",
                              "file" : "C:\\Users\\Admin\\.codeql\\packages\\codeql\\util\\2.0.25\\ext\\default-alert-filter.yml",
                              "index" : 1,
                              "firstRowId" : 32496,
                              "rowCount" : 0,
                              "predicateHasOrigin" : false
                            }
                          ]
                        },
                        "threatModels" : { },
                        "extensionPacks" : [ ]
                      }
[2026-01-07 11:56:11] [PROGRESS] database interpret-results> Interpreting D:\PracticeInCodeQL\my-queries\find_functions.ql...
[2026-01-07 11:56:11] Calling plumbing command: codeql resolve library-path --query=D:\PracticeInCodeQL\my-queries\find_functions.ql --full-library-path=none --dbscheme=none --format=json
[2026-01-07 11:56:11] [DETAILS] resolve library-path> Resolving query at normalized path D:\PracticeInCodeQL\my-queries\find_functions.ql.
[2026-01-07 11:56:11] [DETAILS] resolve library-path> Found enclosing pack 'my-custom-queries' at D:\PracticeInCodeQL\my-queries.
[2026-01-07 11:56:11] [DETAILS] resolve library-path> Adding compilation cache at C:\Users\Admin\.codeql\compile-cache.
[2026-01-07 11:56:11] [DETAILS] resolve library-path> Dbscheme was explicitly overridden as D:\PracticeInCodeQL\my-queries\none
[2026-01-07 11:56:11] [DETAILS] resolve library-path> Library path was overridden on command line.
[2026-01-07 11:56:11] Plumbing command codeql resolve library-path completed:
                      {
                        "libraryPath" : [
                          "D:\\PracticeInCodeQL\\my-queries\\none"
                        ],
                        "dbscheme" : "D:\\PracticeInCodeQL\\my-queries\\none",
                        "compilationCache" : [
                          "C:\\Users\\Admin\\.codeql\\compile-cache"
                        ],
                        "relativeName" : "my-custom-queries\\find_functions.ql",
                        "qlPackName" : "my-custom-queries"
                      }
[2026-01-07 11:56:11] [DETAILS] database interpret-results>  ... found results file at D:\PracticeInCodeQL\CodeQL\databases\libpng-c\results\my-custom-queries\find_functions.bqrs.
[2026-01-07 11:56:11] Exception caught at top level: Could not process query metadata for D:\PracticeInCodeQL\CodeQL\databases\libpng-c\results\my-custom-queries\find_functions.bqrs.
                      Error was: Expected result pattern(s) are not present for problem query: Expected alternating entity/string and string columns. [INVALID_RESULT_PATTERNS]
                      com.semmle.analysis.ql.QLToAnalysis.lambda$addQuery$4(QLToAnalysis.java:203)
                      java.base/java.util.Optional.map(Unknown Source)
                      com.semmle.util.data.Result.getOrThrow(Result.java:31)
                      com.semmle.analysis.ql.QLToAnalysis.addQuery(QLToAnalysis.java:197)
                      com.semmle.analysis.ql.QLToAnalysis.addQuery(QLToAnalysis.java:162)
                      com.semmle.cli2.database.InterpretResultsCommand.executeSubcommand(InterpretResultsCommand.java:322)
                      com.semmle.cli2.picocli.SubcommandCommon.lambda$executeSubcommandWithMessages$5(SubcommandCommon.java:892)
                      com.semmle.cli2.picocli.SubcommandCommon.withCompilationMessages(SubcommandCommon.java:444)
                      com.semmle.cli2.picocli.SubcommandCommon.executeSubcommandWithMessages(SubcommandCommon.java:890)
                      com.semmle.cli2.picocli.PlumbingRunner.run(PlumbingRunner.java:119)
                      com.semmle.cli2.picocli.SubcommandCommon.execPlumbingInProcess(SubcommandCommon.java:229)
                      com.semmle.cli2.database.AnalyzeCommand.continueAfterRunningQueries(AnalyzeCommand.java:198)
                      com.semmle.cli2.database.AnalyzeCommand.executeSubcommand(AnalyzeCommand.java:170)
                      com.semmle.cli2.picocli.SubcommandCommon.lambda$executeSubcommandWithMessages$5(SubcommandCommon.java:892)
                      com.semmle.cli2.picocli.SubcommandCommon.withCompilationMessages(SubcommandCommon.java:444)
                      com.semmle.cli2.picocli.SubcommandCommon.executeSubcommandWithMessages(SubcommandCommon.java:890)
                      com.semmle.cli2.picocli.SubcommandCommon.toplevelMain(SubcommandCommon.java:777)
                      com.semmle.cli2.picocli.SubcommandCommon.call(SubcommandCommon.java:757)
                      com.semmle.cli2.picocli.SubcommandMaker.runMain(SubcommandMaker.java:238)
                      com.semmle.cli2.picocli.SubcommandMaker.runMain(SubcommandMaker.java:259)
                      com.semmle.cli2.CodeQL.main(CodeQL.java:113)
