[E 04:10:16 19736] CodeQL C/C++ Extractor 2.23.8
[E 04:10:16 19736] Current directory: D:\PracticeInCodeQL\libpng\build\CMakeFiles\CMakeScratch\TryCompile-xln7jj
[E 04:10:16 19736] Command: D:\Applications\codeql\cpp\tools\win64\extractor.exe --mimic "c:\program files\microsoft visual studio\2022\community\vc\tools\msvc\14.43.34808\bin\hostx64\x64\cl.exe" @C:\Users\Admin\AppData\Local\Temp\MSBuildTemp\tmp61e8686acdb9493da06f7256564288d9.rsp
[E 04:10:16 19736] Expanded response file 'C:\Users\Admin\AppData\Local\Temp\MSBuildTemp\tmp61e8686acdb9493da06f7256564288d9.rsp': /c /Zi /W1 /WX- /diagnostics:column /Od /Ob0 /D _MBCS /D WIN32 /D _WINDOWS /D HAVE_SOLARIS_LD_VERSION_SCRIPT /D _MBCS /D "CMAKE_INTDIR=\"Debug\"" /RTC1 /MDd /FocmTC_5dc1a.dir\Debug\ /FdcmTC_5dc1a.dir\Debug\vc143.pdb /external:W1 /TC /errorReport:queue -Wl,-M -Wl,D:/PracticeInCodeQL/libpng/build/conftest.map D:\PracticeInCodeQL\libpng\build\CMakeFiles\CMakeScratch\TryCompile-xln7jj\src.c
[E 04:10:16 19736] Checking whether C compilation already happened.
[E 04:10:16 19736] Checking for tag c-compilation-happened
[E 04:10:16 19736] Checking CODEQL_TRACER_DB_ID 202939A40000078C_0000000000000001
[E 04:10:16 19736] Locking DB D:\PracticeInCodeQL\CodeQL\databases\libpng-c\working/tags.db
[E 04:10:16 19736] Locked DB D:\PracticeInCodeQL\CodeQL\databases\libpng-c\working/tags.db
[E 04:10:16 19736] Unlocking DB
[E 04:10:16 19736] Unlocked DB
[E 04:10:16 19736] Looks like C compilation didn't already happen.
[E 04:10:16 19736] Checking whether C compilation has been attempted.
[E 04:10:16 19736] Checking for tag c-compilation-attempted
[E 04:10:16 19736] Checking CODEQL_TRACER_DB_ID 202939A40000078C_0000000000000001
[E 04:10:16 19736] Locking DB D:\PracticeInCodeQL\CodeQL\databases\libpng-c\working/tags.db
[E 04:10:16 19736] Locked DB D:\PracticeInCodeQL\CodeQL\databases\libpng-c\working/tags.db
[E 04:10:16 19736] Unlocking DB
[E 04:10:16 19736] Unlocked DB
[E 04:10:16 19736] Marking C compilation as attempted.
[E 04:10:16 19736] Setting tag c-compilation-attempted
[E 04:10:16 19736] Starting from CODEQL_TRACER_DB_ID 202939A40000078C_0000000000000001
[E 04:10:16 19736] Locking DB D:\PracticeInCodeQL\CodeQL\databases\libpng-c\working/tags.db
[E 04:10:16 19736] Locked DB D:\PracticeInCodeQL\CodeQL\databases\libpng-c\working/tags.db
[E 04:10:16 19736] Set tag for 202939A40000078C_0000000000000001
[E 04:10:16 19736] Set tag for 484B549C00002CDC_0000000000000001
[E 04:10:16 19736] Set tag for FF438D5000003168_0000000000000001
[E 04:10:16 19736] Set tag for 960C129100001630_0000000000000001
[E 04:10:16 19736] Set tag for 973A473300000D2C_0000000000000001
[E 04:10:16 19736] Set tag for 76DF154C000066F0_0000000000000001
[E 04:10:16 19736] Unlocking DB
[E 04:10:16 19736] Unlocked DB
[E 04:10:17 19736] Processed command line: D:\Applications\codeql\cpp\tools\win64\extractor.exe --trapfolder D:\PracticeInCodeQL\CodeQL\databases\libpng-c\trap\cpp --src_archive D:\PracticeInCodeQL\CodeQL\databases\libpng-c\src --object_filename cmTC_5dc1a.dir\Debug\ --no_warnings_and_discretionary_errors --error_limit 1000 --disable_system_macros --variadic_macros --incognito --microsoft --c --microsoft_version 1943 --target win64 -D_MSC_FULL_VER=194334808 -D_MSC_BUILD=0 -D_M_AMD64=100 -D_M_X64=100 -D_WIN64 -D__MSVC_RUNTIME_CHECKS -D_DEBUG -D_MT -D_DLL -D_MBCS -DWIN32 -D_WINDOWS -DHAVE_SOLARIS_LD_VERSION_SCRIPT -D_MBCS "-DCMAKE_INTDIR=\"Debug\"" --import_dir cmTC_5dc1a.dir\Debug "-IC:\Program Files\Microsoft Visual Studio\2022\Community\VC\Tools\MSVC\14.43.34808\include" "-IC:\Program Files\Microsoft Visual Studio\2022\Community\VC\Tools\MSVC\14.43.34808\atlmfc\include" "-IC:\Program Files\Microsoft Visual Studio\2022\Community\VC\Auxiliary\VS\include" "-IC:\Program Files (x86)\Windows Kits\10\Include\10.0.22621.0\ucrt" "-IC:\Program Files\Microsoft Visual Studio\2022\Community\VC\Auxiliary\VS\UnitTest\include" "-IC:\Program Files (x86)\Windows Kits\10\Include\10.0.22621.0\um" "-IC:\Program Files (x86)\Windows Kits\10\Include\10.0.22621.0\shared" "-IC:\Program Files (x86)\Windows Kits\10\Include\10.0.22621.0\winrt" "-IC:\Program Files (x86)\Windows Kits\10\Include\10.0.22621.0\cppwinrt" "-IC:\Program Files (x86)\Windows Kits\NETFXSDK\4.8\Include\um" -- D:\PracticeInCodeQL\libpng\build\CMakeFiles\CMakeScratch\TryCompile-xln7jj\src.c
[E 04:10:17 19736] CODEQL_EXTRACTOR_CPP_TRAP_CACHING is not set
[E 04:10:17 19736] CODEQL_EXTRACTOR_CPP_OPTION_TRAP_CACHE_WRITE is not set
[E 04:10:17 19736] CODEQL_EXTRACTOR_CPP_OPTION_TRAP_CACHE_DIR is not set
[E 04:10:17 19736] Initialising TRAP cache at path: \\?\D:\PracticeInCodeQL\libpng\build\CMakeFiles\CMakeScratch\TryCompile-xln7jj\8b\207b\7b11f748d2f691161a54163897a2
[E 04:10:17 19736] Not using TRAP cache
[E 04:10:17 19736] TRAP cache miss
[E 04:10:17 19736] Starting compilation TRAP D:\PracticeInCodeQL\CodeQL\databases\libpng-c\trap\cpp/compilations/3/30384107_0.trap.zst
[E 04:10:17 19736] Archiving D:\PracticeInCodeQL\CodeQL\databases\libpng-c\src/D_/PracticeInCodeQL/libpng/build/CMakeFiles/CMakeScratch/TryCompile-xln7jj/src.c
[E 04:10:17 19736] Warning[extractor-c++]: In emit_platform_diagnostic: Failed to rename diagnostic file from 'D' to 'D': unknown error
[E 04:10:17 19736] Creating trap tarball D:\PracticeInCodeQL\CodeQL\databases\libpng-c\trap\cpp/tarballs/D_/PracticeInCodeQL/libpng/build/CMakeFiles/CMakeScratch/TryCompile-xln7jj/src.c.b3b299ff_0.trap.tar.zst
[E 04:10:17 19736] Emitting trap files for D:\PracticeInCodeQL\libpng\build\CMakeFiles\CMakeScratch\TryCompile-xln7jj\src.c
[E 04:10:17 19736] Opening existencedb in \\?\D:\PracticeInCodeQL\CodeQL\databases\libpng-c\working\existencedb\db
[E 04:10:17 19736] Warning[extractor-c++]: In canonicalise_path: fs::canonical failed on cmTC_5dc1a.dir\Debug\src.obj (unknown error)
[E 04:10:17 19736] Wrote 1 files to D:\PracticeInCodeQL\CodeQL\databases\libpng-c\trap\cpp/tarballs/D_/PracticeInCodeQL/libpng/build/CMakeFiles/CMakeScratch/TryCompile-xln7jj/src.c.b3b299ff_0.trap.tar.zst
[E 04:10:17 19736] Finished compilation TRAP D:\PracticeInCodeQL\CodeQL\databases\libpng-c\trap\cpp/compilations/3/30384107_0.trap.zst
[E 04:10:17 19736] Marking C compilation as happened.
[E 04:10:17 19736] Setting tag c-compilation-happened
[E 04:10:17 19736] Starting from CODEQL_TRACER_DB_ID 202939A40000078C_0000000000000001
[E 04:10:17 19736] Locking DB D:\PracticeInCodeQL\CodeQL\databases\libpng-c\working/tags.db
[E 04:10:17 19736] Locked DB D:\PracticeInCodeQL\CodeQL\databases\libpng-c\working/tags.db
[E 04:10:17 19736] Set tag for 202939A40000078C_0000000000000001
[E 04:10:17 19736] Set tag for 484B549C00002CDC_0000000000000001
[E 04:10:17 19736] Set tag for FF438D5000003168_0000000000000001
[E 04:10:17 19736] Set tag for 960C129100001630_0000000000000001
[E 04:10:17 19736] Set tag for 973A473300000D2C_0000000000000001
[E 04:10:17 19736] Set tag for 76DF154C000066F0_0000000000000001
[E 04:10:17 19736] Unlocking DB
[E 04:10:17 19736] Unlocked DB
[E 04:10:17 19736] Extractor exited successfully
